#
# A fatal error has been detected by the Java Runtime Environment:
#
#  SIGSEGV (0xb) at pc=0x000000010b53e5f5, pid=18959, tid=42499
#
# JRE version: OpenJDK Runtime Environment Corretto-11.0.11.9.1 (11.0.11+9) (build 11.0.11+9-LTS)
# Java VM: OpenJDK 64-Bit Server VM Corretto-11.0.11.9.1 (11.0.11+9-LTS, mixed mode, tiered, compressed oops, g1 gc, bsd-amd64)
# Problematic frame:
# V  [libjvm.dylib+0x53e5f5]  PhaseIdealLoop::build_loop_early(VectorSet&, Node_List&, Node_Stack&)+0x1b5
#
# No core dump will be written. Core dumps have been disabled. To enable core dumping, try "ulimit -c unlimited" before starting Java again
#
# If you would like to submit a bug report, please visit:
#   https://github.com/corretto/corretto-11/issues/
#

---------------  S U M M A R Y ------------

Command Line: -Dorg.jetbrains.run.directory=/Users/nisern/restaurantRepo/GiantsRestaurant/src/test/java/giants/training/restaurants/resources -javaagent:/Applications/IntelliJ IDEA CE.app/Contents/lib/idea_rt.jar=58173:/Applications/IntelliJ IDEA CE.app/Contents/bin -Dfile.encoding=UTF-8 cucumber.api.cli.Main --plugin org.jetbrains.plugins.cucumber.java.run.CucumberJvm2SMFormatter --monochrome /Users/nisern/restaurantRepo/GiantsRestaurant/src/test/java/giants/training/restaurants/resources/RestaurantService.feature

Host: MacBookPro16,1 x86_64 2600 MHz, 12 cores, 32G, Darwin 20.6.0
Time: Fri Nov 12 15:12:29 2021 CET elapsed time: 0.442233 seconds (0d 0h 0m 0s)

---------------  T H R E A D  ---------------

Current thread (0x00007fc50196a800):  JavaThread "C2 CompilerThread0" daemon [_thread_in_native, id=42499, stack(0x000070000692a000,0x0000700006a2a000)]


Current CompileTask:
C2:    442  818       4       java.util.jar.JarFile::getEntry (22 bytes)

Stack: [0x000070000692a000,0x0000700006a2a000],  sp=0x0000700006a25f90,  free space=1007k
Native frames: (J=compiled Java code, A=aot compiled Java code, j=interpreted, Vv=VM code, C=native code)
V  [libjvm.dylib+0x53e5f5]  PhaseIdealLoop::build_loop_early(VectorSet&, Node_List&, Node_Stack&)+0x1b5
V  [libjvm.dylib+0x53dc75]  PhaseIdealLoop::build_and_optimize(LoopOptsMode)+0x657
V  [libjvm.dylib+0x236788]  Compile::Optimize()+0x7ca
V  [libjvm.dylib+0x2352eb]  Compile::Compile(ciEnv*, C2Compiler*, ciMethod*, int, bool, bool, bool, DirectiveSet*)+0x927
V  [libjvm.dylib+0x23740f]  Compile::Compile(ciEnv*, C2Compiler*, ciMethod*, int, bool, bool, bool, DirectiveSet*)+0x31
V  [libjvm.dylib+0x1b5217]  C2Compiler::compile_method(ciEnv*, ciMethod*, int, DirectiveSet*)+0xe7
V  [libjvm.dylib+0x2422ec]  CompileBroker::invoke_compiler_on_method(CompileTask*)+0x5d8
V  [libjvm.dylib+0x241b90]  CompileBroker::compiler_thread_loop()+0x1c8
V  [libjvm.dylib+0x78bb26]  JavaThread::thread_main_inner()+0x7e
V  [libjvm.dylib+0x78975c]  Thread::call_run()+0x68
V  [libjvm.dylib+0x62dd6f]  thread_native_entry(Thread*)+0x138
C  [libsystem_pthread.dylib+0x68fc]  _pthread_start+0xe0
C  [libsystem_pthread.dylib+0x2443]  thread_start+0xf


siginfo: si_signo: 11 (SIGSEGV), si_code: 1 (SEGV_MAPERR), si_addr: 0x00006fc50071bef8

Register to memory mapping:

RAX=0x00007fc50114af30 points into unknown readable memory: 0x0000000000000000 | 00 00 00 00 00 00 00 00
RBX=0x0000000000000030 is an unknown value
RCX=0x0000000000000444 is an unknown value
RDX=0x00007fc50114aef8 points into unknown readable memory: 0x000000010b96eab8 | b8 ea 96 0b 01 00 00 00
RSP=0x0000700006a25f90 is pointing into the stack for thread: 0x00007fc50196a800
RBP=0x0000700006a25ff0 is pointing into the stack for thread: 0x00007fc50196a800
RSI=0x0000700006a26340 is pointing into the stack for thread: 0x00007fc50196a800
RDI=0x00007fc502161580 points into unknown readable memory: 0x0100002fffffffff | ff ff ff ff 2f 00 00 01
R8 =0x0000000000000022 is an unknown value
R9 =0xffffffff00000000 is an unknown value
R10=0x000000010b9b4300: _ZL8tc_mutex+0x18 in /Library/Java/JavaVirtualMachines/amazon-corretto-11.jdk/Contents/Home/lib/server/libjvm.dylib at 0x000000010b000000
R11=0x0000000000000300 is an unknown value
R12=0x0000000000000027 is an unknown value
R13=0x0000700006a26340 is pointing into the stack for thread: 0x00007fc50196a800
R14=0x00006fc50071bef8 is an unknown value
R15=0x0000700006a26478 is pointing into the stack for thread: 0x00007fc50196a800


Registers:
RAX=0x00007fc50114af30, RBX=0x0000000000000030, RCX=0x0000000000000444, RDX=0x00007fc50114aef8
RSP=0x0000700006a25f90, RBP=0x0000700006a25ff0, RSI=0x0000700006a26340, RDI=0x00007fc502161580
R8 =0x0000000000000022, R9 =0xffffffff00000000, R10=0x000000010b9b4300, R11=0x0000000000000300
R12=0x0000000000000027, R13=0x0000700006a26340, R14=0x00006fc50071bef8, R15=0x0000700006a26478
RIP=0x000000010b53e5f5, EFLAGS=0x0000000000010202, ERR=0x0000000000000004
  TRAPNO=0x000000000000000e

Top of Stack: (sp=0x0000700006a25f90)
0x0000700006a25f90:   0000700006a26320 0000700006a26340
0x0000700006a25fa0:   0000700006a26498 0000700006a26300
0x0000700006a25fb0:   0000700006a26478 0000000000000030
0x0000700006a25fc0:   00007fc50114aef8 00007fc502161380
0x0000700006a25fd0:   0000000000000001 00007fc50071be80
0x0000700006a25fe0:   00007fc500672d00 0000700006a26478
0x0000700006a25ff0:   0000700006a263b0 000000010b53dc75
0x0000700006a26000:   0000000400000100 fffffffb00000000
0x0000700006a26010:   00007fc500672d00 0000000000000000
0x0000700006a26020:   00007fc500672d00 00007fc4e098e670
0x0000700006a26030:   00007fc500672d00 0000000100000004
0x0000700006a26040:   00007fc4e0977100 0000000000000000
0x0000700006a26050:   00007fc5019b03c0 0000000000000000
0x0000700006a26060:   0000700006a261a8 0000000002000000
0x0000700006a26070:   0000700006a26090 000000010b7b563e
0x0000700006a26080:   0000000000000034 0000700006a261a8
0x0000700006a26090:   0000700006a260c0 000000010b7b5679
0x0000700006a260a0:   000000010b7b5648 00007fc500672d00
0x0000700006a260b0:   00007fc4f083a670 00007fc4e0a38318
0x0000700006a260c0:   0000700006a260f0 000000010b533baf
0x0000700006a260d0:   0000700006a261d0 00007fc4e0a38318
0x0000700006a260e0:   0000000000672d00 0000700006a261d0
0x0000700006a260f0:   0000700006a26110 000000010b52b6bd
0x0000700006a26100:   00007fc4e0a38318 0000700006a261d0
0x0000700006a26110:   0000700006a26160 000000010b614025
0x0000700006a26120:   00007fc501a7c598 00007fc4e0989a00
0x0000700006a26130:   0000700006a26160 000000010b532f70
0x0000700006a26140:   00007fc5019af430 0000000000000001
0x0000700006a26150:   0000700006a261f0 0000700006a261f0
0x0000700006a26160:   0000700006a26240 000000010b5ce7cd
0x0000700006a26170:   00007fc4e09a8700 00007fc4e0a38318
0x0000700006a26180:   0000000000000003 00007fc500672d00 

Instructions: (pc=0x000000010b53e5f5)
0x000000010b53e4f5:   17 3b fe ff 49 89 c6 49 83 7e 18 00 75 1b 45 8b
0x000000010b53e505:   65 28 4d 8b 36 45 39 67 28 77 d6 48 8b 7d b0 44
0x000000010b53e515:   89 e6 e8 6e 63 0d 00 eb c8 41 80 bf b0 09 00 00
0x000000010b53e525:   00 75 0a 49 83 bf a8 09 00 00 00 74 12 4c 89 ea
0x000000010b53e535:   4c 8b 6d a8 48 8b 5d c8 31 f6 e9 95 00 00 00 41
0x000000010b53e545:   f6 46 5a 04 4c 89 ea 4c 8b 6d a8 74 e7 48 8b 02
0x000000010b53e555:   48 89 d7 49 89 d4 ff 10 3d fc 00 00 00 0f 85 99
0x000000010b53e565:   01 00 00 4c 89 ff 4c 89 e6 e8 0d ab ff ff 84 c0
0x000000010b53e575:   4c 89 e2 48 8b 5d c8 be 00 00 00 00 74 56 48 8b
0x000000010b53e585:   42 08 4c 89 ff 4c 8b 38 48 89 d3 48 89 de 4c 89
0x000000010b53e595:   fa e8 55 41 ff ff 49 8b 7e 60 48 85 ff 74 08 48
0x000000010b53e5a5:   89 de e8 70 66 0d 00 49 89 de 41 8b 77 28 4c 89
0x000000010b53e5b5:   ef e8 f5 81 fe ff 85 c0 75 0c 48 8b 7d b8 4c 89
0x000000010b53e5c5:   fe e8 c5 d0 fe ff 48 8b 5d c8 8d 73 01 4c 8b 7d
0x000000010b53e5d5:   c0 4c 89 f2 39 de 0f 83 b1 00 00 00 41 89 f4 48
0x000000010b53e5e5:   8b 42 08 4e 8b 34 e0 4d 85 f6 0f 84 91 00 00 00
0x000000010b53e5f5:   49 8b 06 4c 89 f7 ff 90 a8 00 00 00 84 c0 74 3c
0x000000010b53e605:   49 8b 06 4c 89 f7 ff 50 10 84 c0 75 2f 49 8b 46
0x000000010b53e615:   08 4c 8b 28 41 8b 5e 28 49 ff c5 41 39 5f 28 77
0x000000010b53e625:   0b 48 8b 7d b0 89 de e8 59 62 0d 00 49 8b 47 30
0x000000010b53e635:   4c 89 2c d8 4c 8b 6d a8 48 8b 5d c8 41 8b 76 28
0x000000010b53e645:   4c 89 ef e8 63 81 fe ff 41 8b 4e 28 41 39 4f 28
0x000000010b53e655:   76 6b 49 8b 57 30 48 83 3c ca 00 74 60 85 c0 48
0x000000010b53e665:   8b 55 d0 75 1c 48 8b 7d b8 49 89 df 48 89 d3 4c
0x000000010b53e675:   89 f6 e8 14 d0 fe ff 48 89 da 4c 89 fb 4c 8b 7d
0x000000010b53e685:   c0 49 ff c4 49 39 dc 0f 82 52 ff ff ff 4c 89 ff
0x000000010b53e695:   49 89 d6 4c 89 f6 e8 c0 41 ff ff 84 c0 75 0b 4c
0x000000010b53e6a5:   89 ff 4c 89 f6 e8 5f 89 ff ff 48 8b 4d a0 48 8b
0x000000010b53e6b5:   01 48 3b 41 10 0f 83 cb fd ff ff eb 47 49 ff c4
0x000000010b53e6c5:   48 8b 4d a0 48 8b 01 48 83 c0 10 48 89 01 48 3b
0x000000010b53e6d5:   41 08 72 13 48 8b 5d a0 48 89 df e8 e5 66 0d 00
0x000000010b53e6e5:   48 8b 03 4c 8b 7d c0 48 8b 4d d0 48 89 08 44 89 


Stack slot to memory mapping:
stack at sp + 0 slots: 0x0000700006a26320 is pointing into the stack for thread: 0x00007fc50196a800
stack at sp + 1 slots: 0x0000700006a26340 is pointing into the stack for thread: 0x00007fc50196a800
stack at sp + 2 slots: 0x0000700006a26498 is pointing into the stack for thread: 0x00007fc50196a800
stack at sp + 3 slots: 0x0000700006a26300 is pointing into the stack for thread: 0x00007fc50196a800
stack at sp + 4 slots: 0x0000700006a26478 is pointing into the stack for thread: 0x00007fc50196a800
stack at sp + 5 slots: 0x0000000000000030 is an unknown value
stack at sp + 6 slots: 0x00007fc50114aef8 points into unknown readable memory: 0x000000010b96eab8 | b8 ea 96 0b 01 00 00 00
stack at sp + 7 slots: 0x00007fc502161380 points into unknown readable memory: 0x00007fc501151db8 | b8 1d 15 01 c5 7f 00 00


---------------  P R O C E S S  ---------------

Threads class SMR info:
_java_thread_list=0x00007fc502804b80, length=11, elements={
0x00007fc500814800, 0x00007fc501013000, 0x00007fc501018000, 0x00007fc500828000,
0x00007fc501969800, 0x00007fc50196a800, 0x00007fc50196b000, 0x00007fc50206d000,
0x00007fc4d08a6800, 0x00007fc502062800, 0x00007fc4d0b32000
}

Java Threads: ( => current thread )
  0x00007fc500814800 JavaThread "main" [_thread_in_native, id=6403, stack(0x0000700005d03000,0x0000700005e03000)]
  0x00007fc501013000 JavaThread "Reference Handler" daemon [_thread_blocked, id=14339, stack(0x0000700006418000,0x0000700006518000)]
  0x00007fc501018000 JavaThread "Finalizer" daemon [_thread_blocked, id=18435, stack(0x000070000651b000,0x000070000661b000)]
  0x00007fc500828000 JavaThread "Signal Dispatcher" daemon [_thread_blocked, id=17155, stack(0x0000700006724000,0x0000700006824000)]
  0x00007fc501969800 JavaThread "Service Thread" daemon [_thread_blocked, id=43267, stack(0x0000700006827000,0x0000700006927000)]
=>0x00007fc50196a800 JavaThread "C2 CompilerThread0" daemon [_thread_in_native, id=42499, stack(0x000070000692a000,0x0000700006a2a000)]
  0x00007fc50196b000 JavaThread "C1 CompilerThread0" daemon [_thread_in_native, id=22531, stack(0x0000700006a2d000,0x0000700006b2d000)]
  0x00007fc50206d000 JavaThread "Sweeper thread" daemon [_thread_blocked, id=41987, stack(0x0000700006b30000,0x0000700006c30000)]
  0x00007fc4d08a6800 JavaThread "Common-Cleaner" daemon [_thread_blocked, id=23555, stack(0x0000700006c33000,0x0000700006d33000)]
  0x00007fc502062800 JavaThread "C2 CompilerThread1" daemon [_thread_in_native, id=24067, stack(0x0000700006d36000,0x0000700006e36000)]
  0x00007fc4d0b32000 JavaThread "Monitor Ctrl-Break" daemon [_thread_in_native, id=41475, stack(0x0000700006e39000,0x0000700006f39000)]

Other Threads:
  0x00007fc4e0817800 VMThread "VM Thread" [stack: 0x0000700006315000,0x0000700006415000] [id=13827]
  0x00007fc4d0b34800 WatcherThread [stack: 0x0000700006f3c000,0x000070000703c000] [id=41219]
  0x00007fc500816000 GCTaskThread "GC Thread#0" [stack: 0x0000700005e06000,0x0000700005f06000] [id=20739]
  0x00007fc50183c800 ConcurrentGCThread "G1 Main Marker" [stack: 0x0000700005f09000,0x0000700006009000] [id=11523]
  0x00007fc50183d000 ConcurrentGCThread "G1 Conc#0" [stack: 0x000070000600c000,0x000070000610c000] [id=19971]
  0x00007fc501966000 ConcurrentGCThread "G1 Refine#0" [stack: 0x000070000610f000,0x000070000620f000] [id=12547]
  0x00007fc501966800 ConcurrentGCThread "G1 Young RemSet Sampling" [stack: 0x0000700006212000,0x0000700006312000] [id=19715]

Threads with active compile tasks:
C2 CompilerThread0    451  818       4       java.util.jar.JarFile::getEntry (22 bytes)
C1 CompilerThread0    451  876       3       java.util.regex.CharPredicates::lambda$ASCII_DIGIT$15 (20 bytes)
C2 CompilerThread1    451  815   !   4       java.util.zip.ZipFile::getEntry (73 bytes)

VM state:not at safepoint (normal execution)

VM Mutex/Monitor currently owned by a thread: None

Heap address: 0x0000000600000000, size: 8192 MB, Compressed Oops mode: Zero based, Oop shift amount: 3
Narrow klass base: 0x0000000800000000, Narrow klass shift: 0
Compressed class space size: 1073741824 Address: 0x0000000800000000

Heap:
 garbage-first heap   total 524288K, used 20480K [0x0000000600000000, 0x0000000800000000)
  region size 2048K, 11 young (22528K), 0 survivors (0K)
 Metaspace       used 11354K, capacity 11583K, committed 11776K, reserved 1060864K
  class space    used 1151K, capacity 1220K, committed 1280K, reserved 1048576K
Heap Regions: E=young(eden), S=young(survivor), O=old, HS=humongous(starts), HC=humongous(continues), CS=collection set, F=free, A=archive, TAMS=top-at-mark-start (previous, next)
|   0|0x0000000600000000, 0x0000000600000000, 0x0000000600200000|  0%| F|  |TAMS 0x0000000600000000, 0x0000000600000000| Untracked 
|   1|0x0000000600200000, 0x0000000600200000, 0x0000000600400000|  0%| F|  |TAMS 0x0000000600200000, 0x0000000600200000| Untracked 
|   2|0x0000000600400000, 0x0000000600400000, 0x0000000600600000|  0%| F|  |TAMS 0x0000000600400000, 0x0000000600400000| Untracked 
|   3|0x0000000600600000, 0x0000000600600000, 0x0000000600800000|  0%| F|  |TAMS 0x0000000600600000, 0x0000000600600000| Untracked 
|   4|0x0000000600800000, 0x0000000600800000, 0x0000000600a00000|  0%| F|  |TAMS 0x0000000600800000, 0x0000000600800000| Untracked 
|   5|0x0000000600a00000, 0x0000000600a00000, 0x0000000600c00000|  0%| F|  |TAMS 0x0000000600a00000, 0x0000000600a00000| Untracked 
|   6|0x0000000600c00000, 0x0000000600c00000, 0x0000000600e00000|  0%| F|  |TAMS 0x0000000600c00000, 0x0000000600c00000| Untracked 
|   7|0x0000000600e00000, 0x0000000600e00000, 0x0000000601000000|  0%| F|  |TAMS 0x0000000600e00000, 0x0000000600e00000| Untracked 
|   8|0x0000000601000000, 0x0000000601000000, 0x0000000601200000|  0%| F|  |TAMS 0x0000000601000000, 0x0000000601000000| Untracked 
|   9|0x0000000601200000, 0x0000000601200000, 0x0000000601400000|  0%| F|  |TAMS 0x0000000601200000, 0x0000000601200000| Untracked 
|  10|0x0000000601400000, 0x0000000601400000, 0x0000000601600000|  0%| F|  |TAMS 0x0000000601400000, 0x0000000601400000| Untracked 
|  11|0x0000000601600000, 0x0000000601600000, 0x0000000601800000|  0%| F|  |TAMS 0x0000000601600000, 0x0000000601600000| Untracked 
|  12|0x0000000601800000, 0x0000000601800000, 0x0000000601a00000|  0%| F|  |TAMS 0x0000000601800000, 0x0000000601800000| Untracked 
|  13|0x0000000601a00000, 0x0000000601a00000, 0x0000000601c00000|  0%| F|  |TAMS 0x0000000601a00000, 0x0000000601a00000| Untracked 
|  14|0x0000000601c00000, 0x0000000601c00000, 0x0000000601e00000|  0%| F|  |TAMS 0x0000000601c00000, 0x0000000601c00000| Untracked 
|  15|0x0000000601e00000, 0x0000000601e00000, 0x0000000602000000|  0%| F|  |TAMS 0x0000000601e00000, 0x0000000601e00000| Untracked 
|  16|0x0000000602000000, 0x0000000602000000, 0x0000000602200000|  0%| F|  |TAMS 0x0000000602000000, 0x0000000602000000| Untracked 
|  17|0x0000000602200000, 0x0000000602200000, 0x0000000602400000|  0%| F|  |TAMS 0x0000000602200000, 0x0000000602200000| Untracked 
|  18|0x0000000602400000, 0x0000000602400000, 0x0000000602600000|  0%| F|  |TAMS 0x0000000602400000, 0x0000000602400000| Untracked 
|  19|0x0000000602600000, 0x0000000602600000, 0x0000000602800000|  0%| F|  |TAMS 0x0000000602600000, 0x0000000602600000| Untracked 
|  20|0x0000000602800000, 0x0000000602800000, 0x0000000602a00000|  0%| F|  |TAMS 0x0000000602800000, 0x0000000602800000| Untracked 
|  21|0x0000000602a00000, 0x0000000602a00000, 0x0000000602c00000|  0%| F|  |TAMS 0x0000000602a00000, 0x0000000602a00000| Untracked 
|  22|0x0000000602c00000, 0x0000000602c00000, 0x0000000602e00000|  0%| F|  |TAMS 0x0000000602c00000, 0x0000000602c00000| Untracked 
|  23|0x0000000602e00000, 0x0000000602e00000, 0x0000000603000000|  0%| F|  |TAMS 0x0000000602e00000, 0x0000000602e00000| Untracked 
|  24|0x0000000603000000, 0x0000000603000000, 0x0000000603200000|  0%| F|  |TAMS 0x0000000603000000, 0x0000000603000000| Untracked 
|  25|0x0000000603200000, 0x0000000603200000, 0x0000000603400000|  0%| F|  |TAMS 0x0000000603200000, 0x0000000603200000| Untracked 
|  26|0x0000000603400000, 0x0000000603400000, 0x0000000603600000|  0%| F|  |TAMS 0x0000000603400000, 0x0000000603400000| Untracked 
|  27|0x0000000603600000, 0x0000000603600000, 0x0000000603800000|  0%| F|  |TAMS 0x0000000603600000, 0x0000000603600000| Untracked 
|  28|0x0000000603800000, 0x0000000603800000, 0x0000000603a00000|  0%| F|  |TAMS 0x0000000603800000, 0x0000000603800000| Untracked 
|  29|0x0000000603a00000, 0x0000000603a00000, 0x0000000603c00000|  0%| F|  |TAMS 0x0000000603a00000, 0x0000000603a00000| Untracked 
|  30|0x0000000603c00000, 0x0000000603c00000, 0x0000000603e00000|  0%| F|  |TAMS 0x0000000603c00000, 0x0000000603c00000| Untracked 
|  31|0x0000000603e00000, 0x0000000603e00000, 0x0000000604000000|  0%| F|  |TAMS 0x0000000603e00000, 0x0000000603e00000| Untracked 
|  32|0x0000000604000000, 0x0000000604000000, 0x0000000604200000|  0%| F|  |TAMS 0x0000000604000000, 0x0000000604000000| Untracked 
|  33|0x0000000604200000, 0x0000000604200000, 0x0000000604400000|  0%| F|  |TAMS 0x0000000604200000, 0x0000000604200000| Untracked 
|  34|0x0000000604400000, 0x0000000604400000, 0x0000000604600000|  0%| F|  |TAMS 0x0000000604400000, 0x0000000604400000| Untracked 
|  35|0x0000000604600000, 0x0000000604600000, 0x0000000604800000|  0%| F|  |TAMS 0x0000000604600000, 0x0000000604600000| Untracked 
|  36|0x0000000604800000, 0x0000000604800000, 0x0000000604a00000|  0%| F|  |TAMS 0x0000000604800000, 0x0000000604800000| Untracked 
|  37|0x0000000604a00000, 0x0000000604a00000, 0x0000000604c00000|  0%| F|  |TAMS 0x0000000604a00000, 0x0000000604a00000| Untracked 
|  38|0x0000000604c00000, 0x0000000604c00000, 0x0000000604e00000|  0%| F|  |TAMS 0x0000000604c00000, 0x0000000604c00000| Untracked 
|  39|0x0000000604e00000, 0x0000000604e00000, 0x0000000605000000|  0%| F|  |TAMS 0x0000000604e00000, 0x0000000604e00000| Untracked 
|  40|0x0000000605000000, 0x0000000605000000, 0x0000000605200000|  0%| F|  |TAMS 0x0000000605000000, 0x0000000605000000| Untracked 
|  41|0x0000000605200000, 0x0000000605200000, 0x0000000605400000|  0%| F|  |TAMS 0x0000000605200000, 0x0000000605200000| Untracked 
|  42|0x0000000605400000, 0x0000000605400000, 0x0000000605600000|  0%| F|  |TAMS 0x0000000605400000, 0x0000000605400000| Untracked 
|  43|0x0000000605600000, 0x0000000605600000, 0x0000000605800000|  0%| F|  |TAMS 0x0000000605600000, 0x0000000605600000| Untracked 
|  44|0x0000000605800000, 0x0000000605800000, 0x0000000605a00000|  0%| F|  |TAMS 0x0000000605800000, 0x0000000605800000| Untracked 
|  45|0x0000000605a00000, 0x0000000605a00000, 0x0000000605c00000|  0%| F|  |TAMS 0x0000000605a00000, 0x0000000605a00000| Untracked 
|  46|0x0000000605c00000, 0x0000000605c00000, 0x0000000605e00000|  0%| F|  |TAMS 0x0000000605c00000, 0x0000000605c00000| Untracked 
|  47|0x0000000605e00000, 0x0000000605e00000, 0x0000000606000000|  0%| F|  |TAMS 0x0000000605e00000, 0x0000000605e00000| Untracked 
|  48|0x0000000606000000, 0x0000000606000000, 0x0000000606200000|  0%| F|  |TAMS 0x0000000606000000, 0x0000000606000000| Untracked 
|  49|0x0000000606200000, 0x0000000606200000, 0x0000000606400000|  0%| F|  |TAMS 0x0000000606200000, 0x0000000606200000| Untracked 
|  50|0x0000000606400000, 0x0000000606400000, 0x0000000606600000|  0%| F|  |TAMS 0x0000000606400000, 0x0000000606400000| Untracked 
|  51|0x0000000606600000, 0x0000000606600000, 0x0000000606800000|  0%| F|  |TAMS 0x0000000606600000, 0x0000000606600000| Untracked 
|  52|0x0000000606800000, 0x0000000606800000, 0x0000000606a00000|  0%| F|  |TAMS 0x0000000606800000, 0x0000000606800000| Untracked 
|  53|0x0000000606a00000, 0x0000000606a00000, 0x0000000606c00000|  0%| F|  |TAMS 0x0000000606a00000, 0x0000000606a00000| Untracked 
|  54|0x0000000606c00000, 0x0000000606c00000, 0x0000000606e00000|  0%| F|  |TAMS 0x0000000606c00000, 0x0000000606c00000| Untracked 
|  55|0x0000000606e00000, 0x0000000606e00000, 0x0000000607000000|  0%| F|  |TAMS 0x0000000606e00000, 0x0000000606e00000| Untracked 
|  56|0x0000000607000000, 0x0000000607000000, 0x0000000607200000|  0%| F|  |TAMS 0x0000000607000000, 0x0000000607000000| Untracked 
|  57|0x0000000607200000, 0x0000000607200000, 0x0000000607400000|  0%| F|  |TAMS 0x0000000607200000, 0x0000000607200000| Untracked 
|  58|0x0000000607400000, 0x0000000607400000, 0x0000000607600000|  0%| F|  |TAMS 0x0000000607400000, 0x0000000607400000| Untracked 
|  59|0x0000000607600000, 0x0000000607600000, 0x0000000607800000|  0%| F|  |TAMS 0x0000000607600000, 0x0000000607600000| Untracked 
|  60|0x0000000607800000, 0x0000000607800000, 0x0000000607a00000|  0%| F|  |TAMS 0x0000000607800000, 0x0000000607800000| Untracked 
|  61|0x0000000607a00000, 0x0000000607a00000, 0x0000000607c00000|  0%| F|  |TAMS 0x0000000607a00000, 0x0000000607a00000| Untracked 
|  62|0x0000000607c00000, 0x0000000607c00000, 0x0000000607e00000|  0%| F|  |TAMS 0x0000000607c00000, 0x0000000607c00000| Untracked 
|  63|0x0000000607e00000, 0x0000000607e00000, 0x0000000608000000|  0%| F|  |TAMS 0x0000000607e00000, 0x0000000607e00000| Untracked 
|  64|0x0000000608000000, 0x0000000608000000, 0x0000000608200000|  0%| F|  |TAMS 0x0000000608000000, 0x0000000608000000| Untracked 
|  65|0x0000000608200000, 0x0000000608200000, 0x0000000608400000|  0%| F|  |TAMS 0x0000000608200000, 0x0000000608200000| Untracked 
|  66|0x0000000608400000, 0x0000000608400000, 0x0000000608600000|  0%| F|  |TAMS 0x0000000608400000, 0x0000000608400000| Untracked 
|  67|0x0000000608600000, 0x0000000608600000, 0x0000000608800000|  0%| F|  |TAMS 0x0000000608600000, 0x0000000608600000| Untracked 
|  68|0x0000000608800000, 0x0000000608800000, 0x0000000608a00000|  0%| F|  |TAMS 0x0000000608800000, 0x0000000608800000| Untracked 
|  69|0x0000000608a00000, 0x0000000608a00000, 0x0000000608c00000|  0%| F|  |TAMS 0x0000000608a00000, 0x0000000608a00000| Untracked 
|  70|0x0000000608c00000, 0x0000000608c00000, 0x0000000608e00000|  0%| F|  |TAMS 0x0000000608c00000, 0x0000000608c00000| Untracked 
|  71|0x0000000608e00000, 0x0000000608e00000, 0x0000000609000000|  0%| F|  |TAMS 0x0000000608e00000, 0x0000000608e00000| Untracked 
|  72|0x0000000609000000, 0x0000000609000000, 0x0000000609200000|  0%| F|  |TAMS 0x0000000609000000, 0x0000000609000000| Untracked 
|  73|0x0000000609200000, 0x0000000609200000, 0x0000000609400000|  0%| F|  |TAMS 0x0000000609200000, 0x0000000609200000| Untracked 
|  74|0x0000000609400000, 0x0000000609400000, 0x0000000609600000|  0%| F|  |TAMS 0x0000000609400000, 0x0000000609400000| Untracked 
|  75|0x0000000609600000, 0x0000000609600000, 0x0000000609800000|  0%| F|  |TAMS 0x0000000609600000, 0x0000000609600000| Untracked 
|  76|0x0000000609800000, 0x0000000609800000, 0x0000000609a00000|  0%| F|  |TAMS 0x0000000609800000, 0x0000000609800000| Untracked 
|  77|0x0000000609a00000, 0x0000000609a00000, 0x0000000609c00000|  0%| F|  |TAMS 0x0000000609a00000, 0x0000000609a00000| Untracked 
|  78|0x0000000609c00000, 0x0000000609c00000, 0x0000000609e00000|  0%| F|  |TAMS 0x0000000609c00000, 0x0000000609c00000| Untracked 
|  79|0x0000000609e00000, 0x0000000609e00000, 0x000000060a000000|  0%| F|  |TAMS 0x0000000609e00000, 0x0000000609e00000| Untracked 
|  80|0x000000060a000000, 0x000000060a000000, 0x000000060a200000|  0%| F|  |TAMS 0x000000060a000000, 0x000000060a000000| Untracked 
|  81|0x000000060a200000, 0x000000060a200000, 0x000000060a400000|  0%| F|  |TAMS 0x000000060a200000, 0x000000060a200000| Untracked 
|  82|0x000000060a400000, 0x000000060a400000, 0x000000060a600000|  0%| F|  |TAMS 0x000000060a400000, 0x000000060a400000| Untracked 
|  83|0x000000060a600000, 0x000000060a600000, 0x000000060a800000|  0%| F|  |TAMS 0x000000060a600000, 0x000000060a600000| Untracked 
|  84|0x000000060a800000, 0x000000060a800000, 0x000000060aa00000|  0%| F|  |TAMS 0x000000060a800000, 0x000000060a800000| Untracked 
|  85|0x000000060aa00000, 0x000000060aa00000, 0x000000060ac00000|  0%| F|  |TAMS 0x000000060aa00000, 0x000000060aa00000| Untracked 
|  86|0x000000060ac00000, 0x000000060ac00000, 0x000000060ae00000|  0%| F|  |TAMS 0x000000060ac00000, 0x000000060ac00000| Untracked 
|  87|0x000000060ae00000, 0x000000060ae00000, 0x000000060b000000|  0%| F|  |TAMS 0x000000060ae00000, 0x000000060ae00000| Untracked 
|  88|0x000000060b000000, 0x000000060b000000, 0x000000060b200000|  0%| F|  |TAMS 0x000000060b000000, 0x000000060b000000| Untracked 
|  89|0x000000060b200000, 0x000000060b200000, 0x000000060b400000|  0%| F|  |TAMS 0x000000060b200000, 0x000000060b200000| Untracked 
|  90|0x000000060b400000, 0x000000060b400000, 0x000000060b600000|  0%| F|  |TAMS 0x000000060b400000, 0x000000060b400000| Untracked 
|  91|0x000000060b600000, 0x000000060b600000, 0x000000060b800000|  0%| F|  |TAMS 0x000000060b600000, 0x000000060b600000| Untracked 
|  92|0x000000060b800000, 0x000000060b800000, 0x000000060ba00000|  0%| F|  |TAMS 0x000000060b800000, 0x000000060b800000| Untracked 
|  93|0x000000060ba00000, 0x000000060ba00000, 0x000000060bc00000|  0%| F|  |TAMS 0x000000060ba00000, 0x000000060ba00000| Untracked 
|  94|0x000000060bc00000, 0x000000060bc00000, 0x000000060be00000|  0%| F|  |TAMS 0x000000060bc00000, 0x000000060bc00000| Untracked 
|  95|0x000000060be00000, 0x000000060be00000, 0x000000060c000000|  0%| F|  |TAMS 0x000000060be00000, 0x000000060be00000| Untracked 
|  96|0x000000060c000000, 0x000000060c000000, 0x000000060c200000|  0%| F|  |TAMS 0x000000060c000000, 0x000000060c000000| Untracked 
|  97|0x000000060c200000, 0x000000060c200000, 0x000000060c400000|  0%| F|  |TAMS 0x000000060c200000, 0x000000060c200000| Untracked 
|  98|0x000000060c400000, 0x000000060c400000, 0x000000060c600000|  0%| F|  |TAMS 0x000000060c400000, 0x000000060c400000| Untracked 
|  99|0x000000060c600000, 0x000000060c600000, 0x000000060c800000|  0%| F|  |TAMS 0x000000060c600000, 0x000000060c600000| Untracked 
| 100|0x000000060c800000, 0x000000060c800000, 0x000000060ca00000|  0%| F|  |TAMS 0x000000060c800000, 0x000000060c800000| Untracked 
| 101|0x000000060ca00000, 0x000000060ca00000, 0x000000060cc00000|  0%| F|  |TAMS 0x000000060ca00000, 0x000000060ca00000| Untracked 
| 102|0x000000060cc00000, 0x000000060cc00000, 0x000000060ce00000|  0%| F|  |TAMS 0x000000060cc00000, 0x000000060cc00000| Untracked 
| 103|0x000000060ce00000, 0x000000060ce00000, 0x000000060d000000|  0%| F|  |TAMS 0x000000060ce00000, 0x000000060ce00000| Untracked 
| 104|0x000000060d000000, 0x000000060d000000, 0x000000060d200000|  0%| F|  |TAMS 0x000000060d000000, 0x000000060d000000| Untracked 
| 105|0x000000060d200000, 0x000000060d200000, 0x000000060d400000|  0%| F|  |TAMS 0x000000060d200000, 0x000000060d200000| Untracked 
| 106|0x000000060d400000, 0x000000060d400000, 0x000000060d600000|  0%| F|  |TAMS 0x000000060d400000, 0x000000060d400000| Untracked 
| 107|0x000000060d600000, 0x000000060d600000, 0x000000060d800000|  0%| F|  |TAMS 0x000000060d600000, 0x000000060d600000| Untracked 
| 108|0x000000060d800000, 0x000000060d800000, 0x000000060da00000|  0%| F|  |TAMS 0x000000060d800000, 0x000000060d800000| Untracked 
| 109|0x000000060da00000, 0x000000060da00000, 0x000000060dc00000|  0%| F|  |TAMS 0x000000060da00000, 0x000000060da00000| Untracked 
| 110|0x000000060dc00000, 0x000000060dc00000, 0x000000060de00000|  0%| F|  |TAMS 0x000000060dc00000, 0x000000060dc00000| Untracked 
| 111|0x000000060de00000, 0x000000060de00000, 0x000000060e000000|  0%| F|  |TAMS 0x000000060de00000, 0x000000060de00000| Untracked 
| 112|0x000000060e000000, 0x000000060e000000, 0x000000060e200000|  0%| F|  |TAMS 0x000000060e000000, 0x000000060e000000| Untracked 
| 113|0x000000060e200000, 0x000000060e200000, 0x000000060e400000|  0%| F|  |TAMS 0x000000060e200000, 0x000000060e200000| Untracked 
| 114|0x000000060e400000, 0x000000060e400000, 0x000000060e600000|  0%| F|  |TAMS 0x000000060e400000, 0x000000060e400000| Untracked 
| 115|0x000000060e600000, 0x000000060e600000, 0x000000060e800000|  0%| F|  |TAMS 0x000000060e600000, 0x000000060e600000| Untracked 
| 116|0x000000060e800000, 0x000000060e800000, 0x000000060ea00000|  0%| F|  |TAMS 0x000000060e800000, 0x000000060e800000| Untracked 
| 117|0x000000060ea00000, 0x000000060ea00000, 0x000000060ec00000|  0%| F|  |TAMS 0x000000060ea00000, 0x000000060ea00000| Untracked 
| 118|0x000000060ec00000, 0x000000060ec00000, 0x000000060ee00000|  0%| F|  |TAMS 0x000000060ec00000, 0x000000060ec00000| Untracked 
| 119|0x000000060ee00000, 0x000000060ee00000, 0x000000060f000000|  0%| F|  |TAMS 0x000000060ee00000, 0x000000060ee00000| Untracked 
| 120|0x000000060f000000, 0x000000060f000000, 0x000000060f200000|  0%| F|  |TAMS 0x000000060f000000, 0x000000060f000000| Untracked 
| 121|0x000000060f200000, 0x000000060f200000, 0x000000060f400000|  0%| F|  |TAMS 0x000000060f200000, 0x000000060f200000| Untracked 
| 122|0x000000060f400000, 0x000000060f400000, 0x000000060f600000|  0%| F|  |TAMS 0x000000060f400000, 0x000000060f400000| Untracked 
| 123|0x000000060f600000, 0x000000060f600000, 0x000000060f800000|  0%| F|  |TAMS 0x000000060f600000, 0x000000060f600000| Untracked 
| 124|0x000000060f800000, 0x000000060f800000, 0x000000060fa00000|  0%| F|  |TAMS 0x000000060f800000, 0x000000060f800000| Untracked 
| 125|0x000000060fa00000, 0x000000060fa00000, 0x000000060fc00000|  0%| F|  |TAMS 0x000000060fa00000, 0x000000060fa00000| Untracked 
| 126|0x000000060fc00000, 0x000000060fc00000, 0x000000060fe00000|  0%| F|  |TAMS 0x000000060fc00000, 0x000000060fc00000| Untracked 
| 127|0x000000060fe00000, 0x000000060fe00000, 0x0000000610000000|  0%| F|  |TAMS 0x000000060fe00000, 0x000000060fe00000| Untracked 
| 128|0x0000000610000000, 0x0000000610000000, 0x0000000610200000|  0%| F|  |TAMS 0x0000000610000000, 0x0000000610000000| Untracked 
| 129|0x0000000610200000, 0x0000000610200000, 0x0000000610400000|  0%| F|  |TAMS 0x0000000610200000, 0x0000000610200000| Untracked 
| 130|0x0000000610400000, 0x0000000610400000, 0x0000000610600000|  0%| F|  |TAMS 0x0000000610400000, 0x0000000610400000| Untracked 
| 131|0x0000000610600000, 0x0000000610600000, 0x0000000610800000|  0%| F|  |TAMS 0x0000000610600000, 0x0000000610600000| Untracked 
| 132|0x0000000610800000, 0x0000000610800000, 0x0000000610a00000|  0%| F|  |TAMS 0x0000000610800000, 0x0000000610800000| Untracked 
| 133|0x0000000610a00000, 0x0000000610a00000, 0x0000000610c00000|  0%| F|  |TAMS 0x0000000610a00000, 0x0000000610a00000| Untracked 
| 134|0x0000000610c00000, 0x0000000610c00000, 0x0000000610e00000|  0%| F|  |TAMS 0x0000000610c00000, 0x0000000610c00000| Untracked 
| 135|0x0000000610e00000, 0x0000000610e00000, 0x0000000611000000|  0%| F|  |TAMS 0x0000000610e00000, 0x0000000610e00000| Untracked 
| 136|0x0000000611000000, 0x0000000611000000, 0x0000000611200000|  0%| F|  |TAMS 0x0000000611000000, 0x0000000611000000| Untracked 
| 137|0x0000000611200000, 0x0000000611200000, 0x0000000611400000|  0%| F|  |TAMS 0x0000000611200000, 0x0000000611200000| Untracked 
| 138|0x0000000611400000, 0x0000000611400000, 0x0000000611600000|  0%| F|  |TAMS 0x0000000611400000, 0x0000000611400000| Untracked 
| 139|0x0000000611600000, 0x0000000611600000, 0x0000000611800000|  0%| F|  |TAMS 0x0000000611600000, 0x0000000611600000| Untracked 
| 140|0x0000000611800000, 0x0000000611800000, 0x0000000611a00000|  0%| F|  |TAMS 0x0000000611800000, 0x0000000611800000| Untracked 
| 141|0x0000000611a00000, 0x0000000611a00000, 0x0000000611c00000|  0%| F|  |TAMS 0x0000000611a00000, 0x0000000611a00000| Untracked 
| 142|0x0000000611c00000, 0x0000000611c00000, 0x0000000611e00000|  0%| F|  |TAMS 0x0000000611c00000, 0x0000000611c00000| Untracked 
| 143|0x0000000611e00000, 0x0000000611e00000, 0x0000000612000000|  0%| F|  |TAMS 0x0000000611e00000, 0x0000000611e00000| Untracked 
| 144|0x0000000612000000, 0x0000000612000000, 0x0000000612200000|  0%| F|  |TAMS 0x0000000612000000, 0x0000000612000000| Untracked 
| 145|0x0000000612200000, 0x0000000612200000, 0x0000000612400000|  0%| F|  |TAMS 0x0000000612200000, 0x0000000612200000| Untracked 
| 146|0x0000000612400000, 0x0000000612400000, 0x0000000612600000|  0%| F|  |TAMS 0x0000000612400000, 0x0000000612400000| Untracked 
| 147|0x0000000612600000, 0x0000000612600000, 0x0000000612800000|  0%| F|  |TAMS 0x0000000612600000, 0x0000000612600000| Untracked 
| 148|0x0000000612800000, 0x0000000612800000, 0x0000000612a00000|  0%| F|  |TAMS 0x0000000612800000, 0x0000000612800000| Untracked 
| 149|0x0000000612a00000, 0x0000000612a00000, 0x0000000612c00000|  0%| F|  |TAMS 0x0000000612a00000, 0x0000000612a00000| Untracked 
| 150|0x0000000612c00000, 0x0000000612c00000, 0x0000000612e00000|  0%| F|  |TAMS 0x0000000612c00000, 0x0000000612c00000| Untracked 
| 151|0x0000000612e00000, 0x0000000612e00000, 0x0000000613000000|  0%| F|  |TAMS 0x0000000612e00000, 0x0000000612e00000| Untracked 
| 152|0x0000000613000000, 0x0000000613000000, 0x0000000613200000|  0%| F|  |TAMS 0x0000000613000000, 0x0000000613000000| Untracked 
| 153|0x0000000613200000, 0x0000000613200000, 0x0000000613400000|  0%| F|  |TAMS 0x0000000613200000, 0x0000000613200000| Untracked 
| 154|0x0000000613400000, 0x0000000613400000, 0x0000000613600000|  0%| F|  |TAMS 0x0000000613400000, 0x0000000613400000| Untracked 
| 155|0x0000000613600000, 0x0000000613600000, 0x0000000613800000|  0%| F|  |TAMS 0x0000000613600000, 0x0000000613600000| Untracked 
| 156|0x0000000613800000, 0x0000000613800000, 0x0000000613a00000|  0%| F|  |TAMS 0x0000000613800000, 0x0000000613800000| Untracked 
| 157|0x0000000613a00000, 0x0000000613a00000, 0x0000000613c00000|  0%| F|  |TAMS 0x0000000613a00000, 0x0000000613a00000| Untracked 
| 158|0x0000000613c00000, 0x0000000613c00000, 0x0000000613e00000|  0%| F|  |TAMS 0x0000000613c00000, 0x0000000613c00000| Untracked 
| 159|0x0000000613e00000, 0x0000000613e00000, 0x0000000614000000|  0%| F|  |TAMS 0x0000000613e00000, 0x0000000613e00000| Untracked 
| 160|0x0000000614000000, 0x0000000614000000, 0x0000000614200000|  0%| F|  |TAMS 0x0000000614000000, 0x0000000614000000| Untracked 
| 161|0x0000000614200000, 0x0000000614200000, 0x0000000614400000|  0%| F|  |TAMS 0x0000000614200000, 0x0000000614200000| Untracked 
| 162|0x0000000614400000, 0x0000000614400000, 0x0000000614600000|  0%| F|  |TAMS 0x0000000614400000, 0x0000000614400000| Untracked 
| 163|0x0000000614600000, 0x0000000614600000, 0x0000000614800000|  0%| F|  |TAMS 0x0000000614600000, 0x0000000614600000| Untracked 
| 164|0x0000000614800000, 0x0000000614800000, 0x0000000614a00000|  0%| F|  |TAMS 0x0000000614800000, 0x0000000614800000| Untracked 
| 165|0x0000000614a00000, 0x0000000614a00000, 0x0000000614c00000|  0%| F|  |TAMS 0x0000000614a00000, 0x0000000614a00000| Untracked 
| 166|0x0000000614c00000, 0x0000000614c00000, 0x0000000614e00000|  0%| F|  |TAMS 0x0000000614c00000, 0x0000000614c00000| Untracked 
| 167|0x0000000614e00000, 0x0000000614e00000, 0x0000000615000000|  0%| F|  |TAMS 0x0000000614e00000, 0x0000000614e00000| Untracked 
| 168|0x0000000615000000, 0x0000000615000000, 0x0000000615200000|  0%| F|  |TAMS 0x0000000615000000, 0x0000000615000000| Untracked 
| 169|0x0000000615200000, 0x0000000615200000, 0x0000000615400000|  0%| F|  |TAMS 0x0000000615200000, 0x0000000615200000| Untracked 
| 170|0x0000000615400000, 0x0000000615400000, 0x0000000615600000|  0%| F|  |TAMS 0x0000000615400000, 0x0000000615400000| Untracked 
| 171|0x0000000615600000, 0x0000000615600000, 0x0000000615800000|  0%| F|  |TAMS 0x0000000615600000, 0x0000000615600000| Untracked 
| 172|0x0000000615800000, 0x0000000615800000, 0x0000000615a00000|  0%| F|  |TAMS 0x0000000615800000, 0x0000000615800000| Untracked 
| 173|0x0000000615a00000, 0x0000000615a00000, 0x0000000615c00000|  0%| F|  |TAMS 0x0000000615a00000, 0x0000000615a00000| Untracked 
| 174|0x0000000615c00000, 0x0000000615c00000, 0x0000000615e00000|  0%| F|  |TAMS 0x0000000615c00000, 0x0000000615c00000| Untracked 
| 175|0x0000000615e00000, 0x0000000615e00000, 0x0000000616000000|  0%| F|  |TAMS 0x0000000615e00000, 0x0000000615e00000| Untracked 
| 176|0x0000000616000000, 0x0000000616000000, 0x0000000616200000|  0%| F|  |TAMS 0x0000000616000000, 0x0000000616000000| Untracked 
| 177|0x0000000616200000, 0x0000000616200000, 0x0000000616400000|  0%| F|  |TAMS 0x0000000616200000, 0x0000000616200000| Untracked 
| 178|0x0000000616400000, 0x0000000616400000, 0x0000000616600000|  0%| F|  |TAMS 0x0000000616400000, 0x0000000616400000| Untracked 
| 179|0x0000000616600000, 0x0000000616600000, 0x0000000616800000|  0%| F|  |TAMS 0x0000000616600000, 0x0000000616600000| Untracked 
| 180|0x0000000616800000, 0x0000000616800000, 0x0000000616a00000|  0%| F|  |TAMS 0x0000000616800000, 0x0000000616800000| Untracked 
| 181|0x0000000616a00000, 0x0000000616a00000, 0x0000000616c00000|  0%| F|  |TAMS 0x0000000616a00000, 0x0000000616a00000| Untracked 
| 182|0x0000000616c00000, 0x0000000616c00000, 0x0000000616e00000|  0%| F|  |TAMS 0x0000000616c00000, 0x0000000616c00000| Untracked 
| 183|0x0000000616e00000, 0x0000000616e00000, 0x0000000617000000|  0%| F|  |TAMS 0x0000000616e00000, 0x0000000616e00000| Untracked 
| 184|0x0000000617000000, 0x0000000617000000, 0x0000000617200000|  0%| F|  |TAMS 0x0000000617000000, 0x0000000617000000| Untracked 
| 185|0x0000000617200000, 0x0000000617200000, 0x0000000617400000|  0%| F|  |TAMS 0x0000000617200000, 0x0000000617200000| Untracked 
| 186|0x0000000617400000, 0x0000000617400000, 0x0000000617600000|  0%| F|  |TAMS 0x0000000617400000, 0x0000000617400000| Untracked 
| 187|0x0000000617600000, 0x0000000617600000, 0x0000000617800000|  0%| F|  |TAMS 0x0000000617600000, 0x0000000617600000| Untracked 
| 188|0x0000000617800000, 0x0000000617800000, 0x0000000617a00000|  0%| F|  |TAMS 0x0000000617800000, 0x0000000617800000| Untracked 
| 189|0x0000000617a00000, 0x0000000617a00000, 0x0000000617c00000|  0%| F|  |TAMS 0x0000000617a00000, 0x0000000617a00000| Untracked 
| 190|0x0000000617c00000, 0x0000000617c00000, 0x0000000617e00000|  0%| F|  |TAMS 0x0000000617c00000, 0x0000000617c00000| Untracked 
| 191|0x0000000617e00000, 0x0000000617e00000, 0x0000000618000000|  0%| F|  |TAMS 0x0000000617e00000, 0x0000000617e00000| Untracked 
| 192|0x0000000618000000, 0x0000000618000000, 0x0000000618200000|  0%| F|  |TAMS 0x0000000618000000, 0x0000000618000000| Untracked 
| 193|0x0000000618200000, 0x0000000618200000, 0x0000000618400000|  0%| F|  |TAMS 0x0000000618200000, 0x0000000618200000| Untracked 
| 194|0x0000000618400000, 0x0000000618400000, 0x0000000618600000|  0%| F|  |TAMS 0x0000000618400000, 0x0000000618400000| Untracked 
| 195|0x0000000618600000, 0x0000000618600000, 0x0000000618800000|  0%| F|  |TAMS 0x0000000618600000, 0x0000000618600000| Untracked 
| 196|0x0000000618800000, 0x0000000618800000, 0x0000000618a00000|  0%| F|  |TAMS 0x0000000618800000, 0x0000000618800000| Untracked 
| 197|0x0000000618a00000, 0x0000000618a00000, 0x0000000618c00000|  0%| F|  |TAMS 0x0000000618a00000, 0x0000000618a00000| Untracked 
| 198|0x0000000618c00000, 0x0000000618c00000, 0x0000000618e00000|  0%| F|  |TAMS 0x0000000618c00000, 0x0000000618c00000| Untracked 
| 199|0x0000000618e00000, 0x0000000618e00000, 0x0000000619000000|  0%| F|  |TAMS 0x0000000618e00000, 0x0000000618e00000| Untracked 
| 200|0x0000000619000000, 0x0000000619000000, 0x0000000619200000|  0%| F|  |TAMS 0x0000000619000000, 0x0000000619000000| Untracked 
| 201|0x0000000619200000, 0x0000000619200000, 0x0000000619400000|  0%| F|  |TAMS 0x0000000619200000, 0x0000000619200000| Untracked 
| 202|0x0000000619400000, 0x0000000619400000, 0x0000000619600000|  0%| F|  |TAMS 0x0000000619400000, 0x0000000619400000| Untracked 
| 203|0x0000000619600000, 0x0000000619600000, 0x0000000619800000|  0%| F|  |TAMS 0x0000000619600000, 0x0000000619600000| Untracked 
| 204|0x0000000619800000, 0x0000000619800000, 0x0000000619a00000|  0%| F|  |TAMS 0x0000000619800000, 0x0000000619800000| Untracked 
| 205|0x0000000619a00000, 0x0000000619a00000, 0x0000000619c00000|  0%| F|  |TAMS 0x0000000619a00000, 0x0000000619a00000| Untracked 
| 206|0x0000000619c00000, 0x0000000619c00000, 0x0000000619e00000|  0%| F|  |TAMS 0x0000000619c00000, 0x0000000619c00000| Untracked 
| 207|0x0000000619e00000, 0x0000000619e00000, 0x000000061a000000|  0%| F|  |TAMS 0x0000000619e00000, 0x0000000619e00000| Untracked 
| 208|0x000000061a000000, 0x000000061a000000, 0x000000061a200000|  0%| F|  |TAMS 0x000000061a000000, 0x000000061a000000| Untracked 
| 209|0x000000061a200000, 0x000000061a200000, 0x000000061a400000|  0%| F|  |TAMS 0x000000061a200000, 0x000000061a200000| Untracked 
| 210|0x000000061a400000, 0x000000061a400000, 0x000000061a600000|  0%| F|  |TAMS 0x000000061a400000, 0x000000061a400000| Untracked 
| 211|0x000000061a600000, 0x000000061a600000, 0x000000061a800000|  0%| F|  |TAMS 0x000000061a600000, 0x000000061a600000| Untracked 
| 212|0x000000061a800000, 0x000000061a800000, 0x000000061aa00000|  0%| F|  |TAMS 0x000000061a800000, 0x000000061a800000| Untracked 
| 213|0x000000061aa00000, 0x000000061aa00000, 0x000000061ac00000|  0%| F|  |TAMS 0x000000061aa00000, 0x000000061aa00000| Untracked 
| 214|0x000000061ac00000, 0x000000061ac00000, 0x000000061ae00000|  0%| F|  |TAMS 0x000000061ac00000, 0x000000061ac00000| Untracked 
| 215|0x000000061ae00000, 0x000000061ae00000, 0x000000061b000000|  0%| F|  |TAMS 0x000000061ae00000, 0x000000061ae00000| Untracked 
| 216|0x000000061b000000, 0x000000061b000000, 0x000000061b200000|  0%| F|  |TAMS 0x000000061b000000, 0x000000061b000000| Untracked 
| 217|0x000000061b200000, 0x000000061b200000, 0x000000061b400000|  0%| F|  |TAMS 0x000000061b200000, 0x000000061b200000| Untracked 
| 218|0x000000061b400000, 0x000000061b400000, 0x000000061b600000|  0%| F|  |TAMS 0x000000061b400000, 0x000000061b400000| Untracked 
| 219|0x000000061b600000, 0x000000061b600000, 0x000000061b800000|  0%| F|  |TAMS 0x000000061b600000, 0x000000061b600000| Untracked 
| 220|0x000000061b800000, 0x000000061b800000, 0x000000061ba00000|  0%| F|  |TAMS 0x000000061b800000, 0x000000061b800000| Untracked 
| 221|0x000000061ba00000, 0x000000061ba00000, 0x000000061bc00000|  0%| F|  |TAMS 0x000000061ba00000, 0x000000061ba00000| Untracked 
| 222|0x000000061bc00000, 0x000000061bc00000, 0x000000061be00000|  0%| F|  |TAMS 0x000000061bc00000, 0x000000061bc00000| Untracked 
| 223|0x000000061be00000, 0x000000061be00000, 0x000000061c000000|  0%| F|  |TAMS 0x000000061be00000, 0x000000061be00000| Untracked 
| 224|0x000000061c000000, 0x000000061c000000, 0x000000061c200000|  0%| F|  |TAMS 0x000000061c000000, 0x000000061c000000| Untracked 
| 225|0x000000061c200000, 0x000000061c200000, 0x000000061c400000|  0%| F|  |TAMS 0x000000061c200000, 0x000000061c200000| Untracked 
| 226|0x000000061c400000, 0x000000061c400000, 0x000000061c600000|  0%| F|  |TAMS 0x000000061c400000, 0x000000061c400000| Untracked 
| 227|0x000000061c600000, 0x000000061c600000, 0x000000061c800000|  0%| F|  |TAMS 0x000000061c600000, 0x000000061c600000| Untracked 
| 228|0x000000061c800000, 0x000000061c800000, 0x000000061ca00000|  0%| F|  |TAMS 0x000000061c800000, 0x000000061c800000| Untracked 
| 229|0x000000061ca00000, 0x000000061ca00000, 0x000000061cc00000|  0%| F|  |TAMS 0x000000061ca00000, 0x000000061ca00000| Untracked 
| 230|0x000000061cc00000, 0x000000061cc00000, 0x000000061ce00000|  0%| F|  |TAMS 0x000000061cc00000, 0x000000061cc00000| Untracked 
| 231|0x000000061ce00000, 0x000000061ce00000, 0x000000061d000000|  0%| F|  |TAMS 0x000000061ce00000, 0x000000061ce00000| Untracked 
| 232|0x000000061d000000, 0x000000061d000000, 0x000000061d200000|  0%| F|  |TAMS 0x000000061d000000, 0x000000061d000000| Untracked 
| 233|0x000000061d200000, 0x000000061d200000, 0x000000061d400000|  0%| F|  |TAMS 0x000000061d200000, 0x000000061d200000| Untracked 
| 234|0x000000061d400000, 0x000000061d400000, 0x000000061d600000|  0%| F|  |TAMS 0x000000061d400000, 0x000000061d400000| Untracked 
| 235|0x000000061d600000, 0x000000061d600000, 0x000000061d800000|  0%| F|  |TAMS 0x000000061d600000, 0x000000061d600000| Untracked 
| 236|0x000000061d800000, 0x000000061d800000, 0x000000061da00000|  0%| F|  |TAMS 0x000000061d800000, 0x000000061d800000| Untracked 
| 237|0x000000061da00000, 0x000000061da00000, 0x000000061dc00000|  0%| F|  |TAMS 0x000000061da00000, 0x000000061da00000| Untracked 
| 238|0x000000061dc00000, 0x000000061dc00000, 0x000000061de00000|  0%| F|  |TAMS 0x000000061dc00000, 0x000000061dc00000| Untracked 
| 239|0x000000061de00000, 0x000000061de00000, 0x000000061e000000|  0%| F|  |TAMS 0x000000061de00000, 0x000000061de00000| Untracked 
| 240|0x000000061e000000, 0x000000061e000000, 0x000000061e200000|  0%| F|  |TAMS 0x000000061e000000, 0x000000061e000000| Untracked 
| 241|0x000000061e200000, 0x000000061e200000, 0x000000061e400000|  0%| F|  |TAMS 0x000000061e200000, 0x000000061e200000| Untracked 
| 242|0x000000061e400000, 0x000000061e400000, 0x000000061e600000|  0%| F|  |TAMS 0x000000061e400000, 0x000000061e400000| Untracked 
| 243|0x000000061e600000, 0x000000061e600000, 0x000000061e800000|  0%| F|  |TAMS 0x000000061e600000, 0x000000061e600000| Untracked 
| 244|0x000000061e800000, 0x000000061e800000, 0x000000061ea00000|  0%| F|  |TAMS 0x000000061e800000, 0x000000061e800000| Untracked 
| 245|0x000000061ea00000, 0x000000061eb71318, 0x000000061ec00000| 72%| E|  |TAMS 0x000000061ea00000, 0x000000061ea00000| Complete 
| 246|0x000000061ec00000, 0x000000061ee00000, 0x000000061ee00000|100%| E|CS|TAMS 0x000000061ec00000, 0x000000061ec00000| Complete 
| 247|0x000000061ee00000, 0x000000061f000000, 0x000000061f000000|100%| E|CS|TAMS 0x000000061ee00000, 0x000000061ee00000| Complete 
| 248|0x000000061f000000, 0x000000061f200000, 0x000000061f200000|100%| E|CS|TAMS 0x000000061f000000, 0x000000061f000000| Complete 
| 249|0x000000061f200000, 0x000000061f400000, 0x000000061f400000|100%| E|CS|TAMS 0x000000061f200000, 0x000000061f200000| Complete 
| 250|0x000000061f400000, 0x000000061f600000, 0x000000061f600000|100%| E|CS|TAMS 0x000000061f400000, 0x000000061f400000| Complete 
| 251|0x000000061f600000, 0x000000061f800000, 0x000000061f800000|100%| E|CS|TAMS 0x000000061f600000, 0x000000061f600000| Complete 
| 252|0x000000061f800000, 0x000000061fa00000, 0x000000061fa00000|100%| E|CS|TAMS 0x000000061f800000, 0x000000061f800000| Complete 
| 253|0x000000061fa00000, 0x000000061fc00000, 0x000000061fc00000|100%| E|CS|TAMS 0x000000061fa00000, 0x000000061fa00000| Complete 
| 254|0x000000061fc00000, 0x000000061fe00000, 0x000000061fe00000|100%| E|CS|TAMS 0x000000061fc00000, 0x000000061fc00000| Complete 
| 255|0x000000061fe00000, 0x0000000620000000, 0x0000000620000000|100%| E|CS|TAMS 0x000000061fe00000, 0x000000061fe00000| Complete 

Card table byte_map: [0x0000000124511000,0x0000000125511000] _byte_map_base: 0x0000000121511000

Marking Bits (Prev, Next): (CMBitMap*) 0x00007fc50182ba18, (CMBitMap*) 0x00007fc50182ba50
 Prev Bits: [0x0000000126511000, 0x000000012e511000)
 Next Bits: [0x000000012e511000, 0x0000000136511000)

Polling page: 0x0000000104021000

Metaspace:

Usage:
  Non-class:     10.18 MB capacity,    10.02 MB ( 98%) used,   158.46 KB (  2%) free+waste,    11.75 KB ( <1%) overhead. 
      Class:      1.19 MB capacity,     1.13 MB ( 95%) used,    59.05 KB (  5%) free+waste,     5.12 KB ( <1%) overhead. 
       Both:     11.37 MB capacity,    11.15 MB ( 98%) used,   217.52 KB (  2%) free+waste,    16.88 KB ( <1%) overhead. 

Virtual space:
  Non-class space:       12.00 MB reserved,      10.50 MB ( 88%) committed 
      Class space:        1.00 GB reserved,       1.25 MB ( <1%) committed 
             Both:        1.01 GB reserved,      11.75 MB (  1%) committed 

Chunk freelists:
   Non-Class:  93.00 KB
       Class:  28.00 KB
        Both:  121.00 KB

MaxMetaspaceSize: unlimited
CompressedClassSpaceSize: 1.00 GB

CodeHeap 'non-profiled nmethods': size=120032Kb used=229Kb max_used=229Kb free=119803Kb
 bounds [0x000000011bfd9000, 0x000000011c249000, 0x0000000123511000]
CodeHeap 'profiled nmethods': size=120028Kb used=1692Kb max_used=1692Kb free=118335Kb
 bounds [0x0000000114aa2000, 0x0000000114d12000, 0x000000011bfd9000]
CodeHeap 'non-nmethods': size=5700Kb used=1063Kb max_used=1082Kb free=4636Kb
 bounds [0x0000000114511000, 0x0000000114781000, 0x0000000114aa2000]
 total_blobs=1267 nmethods=897 adapters=283
 compilation: enabled
              stopped_count=0, restarted_count=0
 full_count=0

Compilation events (20 events):
Event: 0.438 Thread 0x00007fc50196b000 nmethod 833 0x0000000114c24290 code [0x0000000114c244a0, 0x0000000114c24a10]
Event: 0.438 Thread 0x00007fc50196b000  834       3       jdk.internal.loader.URLClassPath$JarLoader$2::<init> (26 bytes)
Event: 0.438 Thread 0x00007fc50196b000 nmethod 834 0x0000000114c24c90 code [0x0000000114c24e60, 0x0000000114c251b0]
Event: 0.438 Thread 0x00007fc50196b000  835       3       jdk.internal.loader.Resource::<init> (5 bytes)
Event: 0.438 Thread 0x00007fc50196b000 nmethod 835 0x0000000114c25290 code [0x0000000114c25440, 0x0000000114c25590]
Event: 0.438 Thread 0x00007fc50196b000  836       3       java.security.SecureClassLoader$CodeSourceKey::<init> (10 bytes)
Event: 0.438 Thread 0x00007fc50196b000 nmethod 836 0x0000000114c25690 code [0x0000000114c25840, 0x0000000114c259f0]
Event: 0.438 Thread 0x00007fc50196b000  842       3       java.lang.ClassLoader::addClass (9 bytes)
Event: 0.438 Thread 0x00007fc50196b000 nmethod 842 0x0000000114c25a90 code [0x0000000114c25ca0, 0x0000000114c264b0]
Event: 0.438 Thread 0x00007fc50196b000  837       3       java.security.SecureClassLoader$1::<init> (15 bytes)
Event: 0.438 Thread 0x00007fc50196b000 nmethod 837 0x0000000114c26890 code [0x0000000114c26a40, 0x0000000114c26c50]
Event: 0.438 Thread 0x00007fc50196b000  843  s    3       java.util.Vector::addElement (24 bytes)
Event: 0.439 Thread 0x00007fc50196b000 nmethod 843 0x0000000114c26d10 code [0x0000000114c26f20, 0x0000000114c27690]
Event: 0.439 Thread 0x00007fc50196b000  838       3       java.security.SecureClassLoader$CodeSourceKey::hashCode (21 bytes)
Event: 0.439 Thread 0x00007fc50196b000 nmethod 838 0x0000000114c27910 code [0x0000000114c27ae0, 0x0000000114c27ca0]
Event: 0.439 Thread 0x00007fc50196b000  839       3       java.lang.ClassLoader::preDefineClass (116 bytes)
Event: 0.440 Thread 0x00007fc50196b000 nmethod 839 0x0000000114c27d90 code [0x0000000114c28160, 0x0000000114c297f0]
Event: 0.440 Thread 0x00007fc50196b000  845       3       java.util.Arrays::copyOf (10 bytes)
Event: 0.440 Thread 0x00007fc50196b000 nmethod 845 0x0000000114c2a010 code [0x0000000114c2a1c0, 0x0000000114c2a300]
Event: 0.440 Thread 0x00007fc50196b000  840   !   3       java.lang.ClassLoader::checkCerts (195 bytes)

GC Heap History (0 events):
No events

Deoptimization events (20 events):
Event: 0.370 Thread 0x00007fc500814800 Uncommon trap: trap_request=0xffffff4d fr.pc=0x000000011c0081d4 relative=0x0000000000000034
Event: 0.370 Thread 0x00007fc500814800 Uncommon trap: reason=unstable_if action=reinterpret pc=0x000000011c0081d4 method=java.lang.StringLatin1.canEncode(I)Z @ 4 c2
Event: 0.370 Thread 0x00007fc500814800 DEOPT PACKING pc=0x000000011c0081d4 sp=0x0000700005e01cb0
Event: 0.370 Thread 0x00007fc500814800 DEOPT UNPACKING pc=0x0000000114536925 sp=0x0000700005e01c60 mode 2
Event: 0.435 Thread 0x00007fc500814800 Uncommon trap: trap_request=0xffffffde fr.pc=0x000000011c00eec0 relative=0x0000000000000f20
Event: 0.435 Thread 0x00007fc500814800 Uncommon trap: reason=class_check action=maybe_recompile pc=0x000000011c00eec0 method=java.util.HashMap.putVal(ILjava/lang/Object;Ljava/lang/Object;ZZ)Ljava/lang/Object; @ 91 c2
Event: 0.435 Thread 0x00007fc500814800 DEOPT PACKING pc=0x000000011c00eec0 sp=0x0000700005e02060
Event: 0.435 Thread 0x00007fc500814800 DEOPT UNPACKING pc=0x0000000114536925 sp=0x0000700005e01fa8 mode 2
Event: 0.435 Thread 0x00007fc500814800 Uncommon trap: trap_request=0xffffffde fr.pc=0x000000011c00eec0 relative=0x0000000000000f20
Event: 0.435 Thread 0x00007fc500814800 Uncommon trap: reason=class_check action=maybe_recompile pc=0x000000011c00eec0 method=java.util.HashMap.putVal(ILjava/lang/Object;Ljava/lang/Object;ZZ)Ljava/lang/Object; @ 91 c2
Event: 0.435 Thread 0x00007fc500814800 DEOPT PACKING pc=0x000000011c00eec0 sp=0x0000700005e020c0
Event: 0.435 Thread 0x00007fc500814800 DEOPT UNPACKING pc=0x0000000114536925 sp=0x0000700005e02008 mode 2
Event: 0.435 Thread 0x00007fc500814800 Uncommon trap: trap_request=0xffffffde fr.pc=0x000000011c00eec0 relative=0x0000000000000f20
Event: 0.435 Thread 0x00007fc500814800 Uncommon trap: reason=class_check action=maybe_recompile pc=0x000000011c00eec0 method=java.util.HashMap.putVal(ILjava/lang/Object;Ljava/lang/Object;ZZ)Ljava/lang/Object; @ 91 c2
Event: 0.435 Thread 0x00007fc500814800 DEOPT PACKING pc=0x000000011c00eec0 sp=0x0000700005e02050
Event: 0.435 Thread 0x00007fc500814800 DEOPT UNPACKING pc=0x0000000114536925 sp=0x0000700005e01f98 mode 2
Event: 0.435 Thread 0x00007fc500814800 Uncommon trap: trap_request=0xffffffde fr.pc=0x000000011c00eec0 relative=0x0000000000000f20
Event: 0.435 Thread 0x00007fc500814800 Uncommon trap: reason=class_check action=maybe_recompile pc=0x000000011c00eec0 method=java.util.HashMap.putVal(ILjava/lang/Object;Ljava/lang/Object;ZZ)Ljava/lang/Object; @ 91 c2
Event: 0.435 Thread 0x00007fc500814800 DEOPT PACKING pc=0x000000011c00eec0 sp=0x0000700005e02070
Event: 0.436 Thread 0x00007fc500814800 DEOPT UNPACKING pc=0x0000000114536925 sp=0x0000700005e01fb8 mode 2

Classes redefined (0 events):
No events

Internal exceptions (3 events):
Event: 0.146 Thread 0x00007fc500814800 Exception <a 'java/security/PrivilegedActionException'{0x000000061fc8b688}> (0x000000061fc8b688) thrown at [./src/hotspot/share/prims/jvm.cpp, line 1306]
Event: 0.146 Thread 0x00007fc500814800 Exception <a 'java/security/PrivilegedActionException'{0x000000061fc8b958}> (0x000000061fc8b958) thrown at [./src/hotspot/share/prims/jvm.cpp, line 1306]
Event: 0.246 Thread 0x00007fc500814800 Exception <a 'java/lang/NoSuchMethodError'{0x000000061f406e90}: 'int java.lang.invoke.DirectMethodHandle$Holder.invokeSpecialIFC(java.lang.Object, java.lang.Object, int)'> (0x000000061f406e90) thrown at [./src/hotspot/share/interpreter/linkResolver.cpp, line 773]

Events (20 events):
Event: 0.437 loading class gherkin/pickles/Pickle
Event: 0.437 loading class gherkin/pickles/Pickle done
Event: 0.437 loading class gherkin/events/PickleEvent
Event: 0.437 loading class gherkin/events/PickleEvent done
Event: 0.438 loading class gherkin/events/CucumberEvent
Event: 0.438 loading class gherkin/events/CucumberEvent done
Event: 0.438 loading class java/util/TreeMap$EntrySet
Event: 0.438 loading class java/util/TreeMap$EntrySet done
Event: 0.438 loading class java/util/TreeMap$EntryIterator
Event: 0.438 loading class java/util/TreeMap$EntryIterator done
Event: 0.438 loading class cucumber/api/HookType
Event: 0.438 loading class cucumber/api/HookType done
Event: 0.438 loading class java/lang/Character$CharacterCache
Event: 0.438 loading class java/lang/Character$CharacterCache done
Event: 0.439 loading class java/text/MessageFormat
Event: 0.439 loading class java/text/MessageFormat done
Event: 0.439 loading class java/text/MessageFormat$Field
Event: 0.439 loading class java/text/MessageFormat$Field done
Event: 0.441 loading class cucumber/runner/PickleTestStep
Event: 0.441 loading class cucumber/runner/PickleTestStep done


Dynamic libraries:
0x00007fff34fd1000 	/System/Library/Frameworks/Cocoa.framework/Versions/A/Cocoa
0x00007fff2231b000 	/System/Library/Frameworks/Security.framework/Versions/A/Security
0x00007fff331d9000 	/System/Library/Frameworks/ApplicationServices.framework/Versions/A/ApplicationServices
0x00007fff2a59d000 	/usr/lib/libz.1.dylib
0x0000000103f9b000 	/Library/Java/JavaVirtualMachines/amazon-corretto-11.jdk/Contents/Home/lib/jli/libjli.dylib
0x00007fff2a665000 	/usr/lib/libSystem.B.dylib
0x00007fff22d4c000 	/System/Library/Frameworks/AppKit.framework/Versions/C/AppKit
0x00007fff25c10000 	/System/Library/Frameworks/CoreData.framework/Versions/A/CoreData
0x00007fff212b3000 	/System/Library/Frameworks/Foundation.framework/Versions/C/Foundation
0x00007fff23a98000 	/System/Library/PrivateFrameworks/UIFoundation.framework/Versions/A/UIFoundation
0x00007fff2fc93000 	/System/Library/PrivateFrameworks/RemoteViewServices.framework/Versions/A/RemoteViewServices
0x00007fff28aa9000 	/System/Library/PrivateFrameworks/XCTTargetBootstrap.framework/Versions/A/XCTTargetBootstrap
0x00007fff2b78f000 	/usr/lib/libspindump.dylib
0x00007fff23ce7000 	/System/Library/Frameworks/UniformTypeIdentifiers.framework/Versions/A/UniformTypeIdentifiers
0x00007fff272ad000 	/usr/lib/libapp_launch_measurement.dylib
0x00007fff272b0000 	/System/Library/PrivateFrameworks/CoreAutoLayout.framework/Versions/A/CoreAutoLayout
0x00007fff28410000 	/System/Library/Frameworks/Metal.framework/Versions/A/Metal
0x00007fff29106000 	/usr/lib/liblangid.dylib
0x00007fff28aad000 	/System/Library/PrivateFrameworks/CoreSVG.framework/Versions/A/CoreSVG
0x00007fff24d27000 	/System/Library/PrivateFrameworks/SkyLight.framework/Versions/A/SkyLight
0x00007fff2508d000 	/System/Library/Frameworks/CoreGraphics.framework/Versions/A/CoreGraphics
0x00007fff301ba000 	/System/Library/Frameworks/Accelerate.framework/Versions/A/Accelerate
0x00007fff2b1cd000 	/System/Library/PrivateFrameworks/IconServices.framework/Versions/A/IconServices
0x00007fff283f4000 	/System/Library/Frameworks/IOSurface.framework/Versions/A/IOSurface
0x00007fff26598000 	/usr/lib/libDiagnosticMessagesClient.dylib
0x00007fff28a95000 	/System/Library/PrivateFrameworks/DFRFoundation.framework/Versions/A/DFRFoundation
0x00007fff22673000 	/usr/lib/libicucore.A.dylib
0x00007fff2ccd2000 	/System/Library/Frameworks/AudioToolbox.framework/Versions/A/AudioToolbox
0x00007fff2bf5a000 	/System/Library/PrivateFrameworks/DataDetectorsCore.framework/Versions/A/DataDetectorsCore
0x00007fff24c9a000 	/usr/lib/libMobileGestalt.dylib
0x00007fff28799000 	/System/Library/Frameworks/Carbon.framework/Versions/A/Frameworks/HIToolbox.framework/Versions/A/HIToolbox
0x00007fff26cf2000 	/System/Library/Frameworks/QuartzCore.framework/Versions/A/QuartzCore
0x00007fff2fccb000 	/System/Library/Frameworks/Carbon.framework/Versions/A/Frameworks/SpeechRecognition.framework/Versions/A/SpeechRecognition
0x00007fff27012000 	/System/Library/PrivateFrameworks/CoreUI.framework/Versions/A/CoreUI
0x00007fff21c89000 	/System/Library/Frameworks/CoreAudio.framework/Versions/A/CoreAudio
0x00007fff26683000 	/System/Library/Frameworks/DiskArbitration.framework/Versions/A/DiskArbitration
0x00007fff2bb5d000 	/System/Library/PrivateFrameworks/MultitouchSupport.framework/Versions/A/MultitouchSupport
0x00007fff2bf51000 	/System/Library/PrivateFrameworks/InternationalSupport.framework/Versions/A/InternationalSupport
0x00007fff24c99000 	/usr/lib/libenergytrace.dylib
0x00007fff22c43000 	/System/Library/Frameworks/IOKit.framework/Versions/A/IOKit
0x00007fff2fffe000 	/System/Library/Frameworks/CoreServices.framework/Versions/A/CoreServices
0x00007fff2723f000 	/System/Library/PrivateFrameworks/PerformanceAnalysis.framework/Versions/A/PerformanceAnalysis
0x00007fff6bb6b000 	/System/Library/Frameworks/OpenGL.framework/Versions/A/OpenGL
0x00007fff2bfd5000 	/System/Library/PrivateFrameworks/UserActivity.framework/Versions/A/UserActivity
0x00007fff20324000 	/usr/lib/libobjc.A.dylib
0x00007fff25717000 	/System/Library/Frameworks/ColorSync.framework/Versions/A/ColorSync
0x00007fff20504000 	/System/Library/Frameworks/CoreFoundation.framework/Versions/A/CoreFoundation
0x00007fff28d14000 	/System/Library/Frameworks/CoreImage.framework/Versions/A/CoreImage
0x00007fff21aa3000 	/System/Library/Frameworks/CoreText.framework/Versions/A/CoreText
0x00007fff28ad7000 	/System/Library/Frameworks/ImageIO.framework/Versions/A/ImageIO
0x00007fff2a66b000 	/System/Library/PrivateFrameworks/SoftLinking.framework/Versions/A/SoftLinking
0x00007fff272f8000 	/usr/lib/libxml2.2.dylib
0x00007fff203ea000 	/usr/lib/libc++.1.dylib
0x00007fff2a8dc000 	/usr/lib/libcompression.dylib
0x00007fff2be83000 	/System/Library/PrivateFrameworks/TextureIO.framework/Versions/A/TextureIO
0x00007fff2af0b000 	/usr/lib/libate.dylib
0x00007fff2a65f000 	/usr/lib/system/libcache.dylib
0x00007fff2a61b000 	/usr/lib/system/libcommonCrypto.dylib
0x00007fff2a645000 	/usr/lib/system/libcompiler_rt.dylib
0x00007fff2a63a000 	/usr/lib/system/libcopyfile.dylib
0x00007fff20214000 	/usr/lib/system/libcorecrypto.dylib
0x00007fff202df000 	/usr/lib/system/libdispatch.dylib
0x00007fff20492000 	/usr/lib/system/libdyld.dylib
0x00007fff2a656000 	/usr/lib/system/libkeymgr.dylib
0x00007fff2da69000 	/usr/lib/system/liblaunch.dylib
0x00007fff2a5f9000 	/usr/lib/system/libmacho.dylib
0x00007fff29df1000 	/usr/lib/system/libquarantine.dylib
0x00007fff2a653000 	/usr/lib/system/libremovefile.dylib
0x00007fff24cf7000 	/usr/lib/system/libsystem_asl.dylib
0x00007fff201c4000 	/usr/lib/system/libsystem_blocks.dylib
0x00007fff20361000 	/usr/lib/system/libsystem_c.dylib
0x00007fff2a64d000 	/usr/lib/system/libsystem_collections.dylib
0x00007fff290f7000 	/usr/lib/system/libsystem_configuration.dylib
0x00007fff283e3000 	/usr/lib/system/libsystem_containermanager.dylib
0x00007fff2a39c000 	/usr/lib/system/libsystem_coreservices.dylib
0x00007fff228d3000 	/usr/lib/system/libsystem_darwin.dylib
0x00007fff2a657000 	/usr/lib/system/libsystem_dnssd.dylib
0x00007fff2035e000 	/usr/lib/system/libsystem_featureflags.dylib
0x00007fff204d8000 	/usr/lib/system/libsystem_info.dylib
0x00007fff2a5b0000 	/usr/lib/system/libsystem_m.dylib
0x00007fff202b2000 	/usr/lib/system/libsystem_malloc.dylib
0x00007fff24c8a000 	/usr/lib/system/libsystem_networkextension.dylib
0x00007fff22cf2000 	/usr/lib/system/libsystem_notify.dylib
0x00007fff2ff00000 	/usr/lib/system/libsystem_product_info_filter.dylib
0x00007fff290fb000 	/usr/lib/system/libsystem_sandbox.dylib
0x00007fff2a650000 	/usr/lib/system/libsystem_secinit.dylib
0x00007fff20456000 	/usr/lib/system/libsystem_kernel.dylib
0x00007fff204ce000 	/usr/lib/system/libsystem_platform.dylib
0x00007fff20486000 	/usr/lib/system/libsystem_pthread.dylib
0x00007fff263d4000 	/usr/lib/system/libsystem_symptoms.dylib
0x00007fff201fc000 	/usr/lib/system/libsystem_trace.dylib
0x00007fff2a627000 	/usr/lib/system/libunwind.dylib
0x00007fff201c6000 	/usr/lib/system/libxpc.dylib
0x00007fff20440000 	/usr/lib/libc++abi.dylib
0x00007fff2a632000 	/usr/lib/liboah.dylib
0x00007fff2acf0000 	/usr/lib/liblzma.5.dylib
0x00007fff20fc7000 	/System/Library/Frameworks/SystemConfiguration.framework/Versions/A/SystemConfiguration
0x00007fff2a667000 	/usr/lib/libfakelink.dylib
0x00007fff247eb000 	/System/Library/Frameworks/CFNetwork.framework/Versions/A/CFNetwork
0x00007fff2a7a7000 	/usr/lib/libarchive.2.dylib
0x00007fff21045000 	/usr/lib/libCRFSuite.dylib
0x00007fff29e18000 	/usr/lib/libbsm.0.dylib
0x00007fff24164000 	/usr/lib/libnetwork.dylib
0x00007fff2a66c000 	/usr/lib/libpcap.A.dylib
0x00007fff263cd000 	/usr/lib/libdns_services.dylib
0x00007fff2ad09000 	/usr/lib/libcoretls_cfhelpers.dylib
0x00007fff2a8a6000 	/usr/lib/libapple_nghttp2.dylib
0x00007fff2a5ff000 	/usr/lib/system/libkxld.dylib
0x00007fff26046000 	/usr/lib/libsqlite3.dylib
0x00007fff2a37f000 	/System/Library/PrivateFrameworks/AppleFSCompression.framework/Versions/A/AppleFSCompression
0x00007fff29e00000 	/usr/lib/libcoretls.dylib
0x00007fff2a8d7000 	/usr/lib/libpam.2.dylib
0x00007fff2ae07000 	/usr/lib/libxar.1.dylib
0x00007fff29102000 	/System/Library/PrivateFrameworks/AppleSystemInfo.framework/Versions/A/AppleSystemInfo
0x00007fff29a42000 	/System/Library/PrivateFrameworks/IOMobileFramebuffer.framework/Versions/A/IOMobileFramebuffer
0x00007fff2a38f000 	/usr/lib/libbz2.1.0.dylib
0x00007fff2a6a4000 	/usr/lib/libiconv.2.dylib
0x00007fff2a5f8000 	/usr/lib/libcharset.1.dylib
0x00007fff2727b000 	/System/Library/Frameworks/CoreServices.framework/Versions/A/Frameworks/FSEvents.framework/Versions/A/FSEvents
0x00007fff228dd000 	/System/Library/Frameworks/CoreServices.framework/Versions/A/Frameworks/CarbonCore.framework/Versions/A/CarbonCore
0x00007fff265e8000 	/System/Library/Frameworks/CoreServices.framework/Versions/A/Frameworks/Metadata.framework/Versions/A/Metadata
0x00007fff2a3a1000 	/System/Library/Frameworks/CoreServices.framework/Versions/A/Frameworks/OSServices.framework/Versions/A/OSServices
0x00007fff2a819000 	/System/Library/Frameworks/CoreServices.framework/Versions/A/Frameworks/SearchKit.framework/Versions/A/SearchKit
0x00007fff26358000 	/System/Library/Frameworks/CoreServices.framework/Versions/A/Frameworks/AE.framework/Versions/A/AE
0x00007fff209a2000 	/System/Library/Frameworks/CoreServices.framework/Versions/A/Frameworks/LaunchServices.framework/Versions/A/LaunchServices
0x00007fff2aca0000 	/System/Library/Frameworks/CoreServices.framework/Versions/A/Frameworks/DictionaryServices.framework/Versions/A/DictionaryServices
0x00007fff27288000 	/System/Library/Frameworks/CoreServices.framework/Versions/A/Frameworks/SharedFileList.framework/Versions/A/SharedFileList
0x00007fff29df4000 	/usr/lib/libCheckFix.dylib
0x00007fff24d0e000 	/System/Library/PrivateFrameworks/TCC.framework/Versions/A/TCC
0x00007fff29108000 	/System/Library/PrivateFrameworks/CoreNLP.framework/Versions/A/CoreNLP
0x00007fff2659b000 	/System/Library/PrivateFrameworks/MetadataUtilities.framework/Versions/A/MetadataUtilities
0x00007fff2107a000 	/usr/lib/libmecabra.dylib
0x00007fff2a0fe000 	/System/Library/Frameworks/MLCompute.framework/Versions/A/MLCompute
0x00007fff29e29000 	/usr/lib/libmecab.dylib
0x00007fff29e73000 	/usr/lib/libgermantok.dylib
0x00007fff2a881000 	/usr/lib/libThaiTokenizer.dylib
0x00007fff2ae42000 	/usr/lib/libChineseTokenizer.dylib
0x00007fff2a8d5000 	/System/Library/Frameworks/MetalPerformanceShaders.framework/Versions/A/MetalPerformanceShaders
0x00007fff2668a000 	/System/Library/Frameworks/Accelerate.framework/Versions/A/Frameworks/vImage.framework/Versions/A/vImage
0x00007fff2ffd8000 	/System/Library/Frameworks/Accelerate.framework/Versions/A/Frameworks/vecLib.framework/Versions/A/vecLib
0x00007fff2ae4d000 	/System/Library/Frameworks/Accelerate.framework/Versions/A/Frameworks/vecLib.framework/Versions/A/libvMisc.dylib
0x00007fff2985d000 	/System/Library/Frameworks/Accelerate.framework/Versions/A/Frameworks/vecLib.framework/Versions/A/libvDSP.dylib
0x00007fff20cad000 	/System/Library/Frameworks/Accelerate.framework/Versions/A/Frameworks/vecLib.framework/Versions/A/libBLAS.dylib
0x00007fff2a902000 	/System/Library/Frameworks/Accelerate.framework/Versions/A/Frameworks/vecLib.framework/Versions/A/libLAPACK.dylib
0x00007fff29e79000 	/System/Library/Frameworks/Accelerate.framework/Versions/A/Frameworks/vecLib.framework/Versions/A/libLinearAlgebra.dylib
0x00007fff2a8be000 	/System/Library/Frameworks/Accelerate.framework/Versions/A/Frameworks/vecLib.framework/Versions/A/libSparseBLAS.dylib
0x00007fff2a8fc000 	/System/Library/Frameworks/Accelerate.framework/Versions/A/Frameworks/vecLib.framework/Versions/A/libQuadrature.dylib
0x00007fff291b4000 	/System/Library/Frameworks/Accelerate.framework/Versions/A/Frameworks/vecLib.framework/Versions/A/libBNNS.dylib
0x00007fff20f58000 	/System/Library/Frameworks/Accelerate.framework/Versions/A/Frameworks/vecLib.framework/Versions/A/libSparse.dylib
0x00007fff29090000 	/System/Library/Frameworks/MetalPerformanceShaders.framework/Versions/A/Frameworks/MPSCore.framework/Versions/A/MPSCore
0x00007fff2a2ee000 	/System/Library/Frameworks/MetalPerformanceShaders.framework/Versions/A/Frameworks/MPSImage.framework/Versions/A/MPSImage
0x00007fff29e8f000 	/System/Library/Frameworks/MetalPerformanceShaders.framework/Versions/A/Frameworks/MPSNeuralNetwork.framework/Versions/A/MPSNeuralNetwork
0x00007fff2a260000 	/System/Library/Frameworks/MetalPerformanceShaders.framework/Versions/A/Frameworks/MPSMatrix.framework/Versions/A/MPSMatrix
0x00007fff2a0ae000 	/System/Library/Frameworks/MetalPerformanceShaders.framework/Versions/A/Frameworks/MPSRayIntersector.framework/Versions/A/MPSRayIntersector
0x00007fff2a297000 	/System/Library/Frameworks/MetalPerformanceShaders.framework/Versions/A/Frameworks/MPSNDArray.framework/Versions/A/MPSNDArray
0x00007fff20bd8000 	/System/Library/PrivateFrameworks/MetalTools.framework/Versions/A/MetalTools
0x00007fff29100000 	/System/Library/PrivateFrameworks/AggregateDictionary.framework/Versions/A/AggregateDictionary
0x00007fff26568000 	/System/Library/PrivateFrameworks/CoreAnalytics.framework/Versions/A/CoreAnalytics
0x00007fff2a883000 	/System/Library/PrivateFrameworks/AppleSauce.framework/Versions/A/AppleSauce
0x00007fff28406000 	/System/Library/PrivateFrameworks/IOAccelerator.framework/Versions/A/IOAccelerator
0x00007fff6bb5f000 	/System/Library/Frameworks/OpenGL.framework/Versions/A/Libraries/libCoreFSCache.dylib
0x00007fff21612000 	/System/Library/PrivateFrameworks/LanguageModeling.framework/Versions/A/LanguageModeling
0x00007fff29a30000 	/System/Library/PrivateFrameworks/CoreEmoji.framework/Versions/A/CoreEmoji
0x00007fff291ad000 	/System/Library/PrivateFrameworks/LinguisticData.framework/Versions/A/LinguisticData
0x00007fff20f0a000 	/System/Library/PrivateFrameworks/Lexicon.framework/Versions/A/Lexicon
0x00007fff2a795000 	/usr/lib/libcmph.dylib
0x00007fff2725b000 	/System/Library/Frameworks/OpenDirectory.framework/Versions/A/Frameworks/CFOpenDirectory.framework/Versions/A/CFOpenDirectory
0x00007fff2724b000 	/System/Library/Frameworks/OpenDirectory.framework/Versions/A/OpenDirectory
0x00007fff2ad0b000 	/System/Library/PrivateFrameworks/APFS.framework/Versions/A/APFS
0x00007fff29d56000 	/System/Library/Frameworks/SecurityFoundation.framework/Versions/A/SecurityFoundation
0x00007fff2ae15000 	/usr/lib/libutil.dylib
0x00007fff22c08000 	/System/Library/PrivateFrameworks/CoreServicesStore.framework/Versions/A/CoreServicesStore
0x00007fff29dec000 	/System/Library/Frameworks/ServiceManagement.framework/Versions/A/ServiceManagement
0x00007fff2ae19000 	/usr/lib/libxslt.1.dylib
0x00007fff29de2000 	/System/Library/PrivateFrameworks/BackgroundTaskManagement.framework/Versions/A/BackgroundTaskManagement
0x00007fff2bdcd000 	/System/Library/Frameworks/ImageIO.framework/Versions/A/Resources/libRadiance.dylib
0x00007fff2bdd7000 	/System/Library/Frameworks/ImageIO.framework/Versions/A/Resources/libJPEG.dylib
0x00007fff2bd27000 	/System/Library/Frameworks/ImageIO.framework/Versions/A/Resources/libPng.dylib
0x00007fff2bd48000 	/System/Library/Frameworks/ImageIO.framework/Versions/A/Resources/libTIFF.dylib
0x00007fff2be2c000 	/System/Library/Frameworks/ImageIO.framework/Versions/A/Resources/libGIF.dylib
0x00007fff2ba79000 	/System/Library/Frameworks/ImageIO.framework/Versions/A/Resources/libJP2.dylib
0x00007fff2b194000 	/usr/lib/libexpat.1.dylib
0x00007fff2ba2f000 	/System/Library/PrivateFrameworks/AppleJPEG.framework/Versions/A/AppleJPEG
0x00007fff2863c000 	/System/Library/PrivateFrameworks/FontServices.framework/libFontParser.dylib
0x00007fff2630f000 	/System/Library/PrivateFrameworks/RunningBoardServices.framework/Versions/A/RunningBoardServices
0x00007fff2bb59000 	/System/Library/PrivateFrameworks/WatchdogClient.framework/Versions/A/WatchdogClient
0x00007fff216fb000 	/System/Library/Frameworks/CoreDisplay.framework/Versions/A/CoreDisplay
0x00007fff28551000 	/System/Library/Frameworks/CoreMedia.framework/Versions/A/CoreMedia
0x00007fff273db000 	/System/Library/Frameworks/CoreVideo.framework/Versions/A/CoreVideo
0x00007fff2bb94000 	/System/Library/Frameworks/VideoToolbox.framework/Versions/A/VideoToolbox
0x00007fff2628f000 	/System/Library/PrivateFrameworks/BaseBoard.framework/Versions/A/BaseBoard
0x00007fff2b2d9000 	/System/Library/PrivateFrameworks/PersistentConnection.framework/Versions/A/PersistentConnection
0x00007fff26030000 	/System/Library/PrivateFrameworks/ProtocolBuffer.framework/Versions/A/ProtocolBuffer
0x00007fff26277000 	/System/Library/PrivateFrameworks/CommonUtilities.framework/Versions/A/CommonUtilities
0x00007fff2b9f2000 	/System/Library/PrivateFrameworks/Bom.framework/Versions/A/Bom
0x00007fff2bdc5000 	/System/Library/PrivateFrameworks/GPUWrangler.framework/Versions/A/GPUWrangler
0x00007fff2bda8000 	/System/Library/PrivateFrameworks/IOPresentment.framework/Versions/A/IOPresentment
0x00007fff2bdd1000 	/System/Library/PrivateFrameworks/DSExternalDisplay.framework/Versions/A/DSExternalDisplay
0x00007fff2be31000 	/System/Library/PrivateFrameworks/CMCaptureCore.framework/Versions/A/CMCaptureCore
0x00007fff2b775000 	/System/Library/PrivateFrameworks/AppServerSupport.framework/Versions/A/AppServerSupport
0x00007fff2d80c000 	/System/Library/PrivateFrameworks/perfdata.framework/Versions/A/perfdata
0x00007fff29d45000 	/System/Library/PrivateFrameworks/AssertionServices.framework/Versions/A/AssertionServices
0x00007fff21832000 	/System/Library/PrivateFrameworks/AudioToolboxCore.framework/Versions/A/AudioToolboxCore
0x00007fff28534000 	/System/Library/PrivateFrameworks/caulk.framework/Versions/A/caulk
0x00007fff3ccb8000 	/System/Library/PrivateFrameworks/SystemPolicy.framework/Versions/A/SystemPolicy
0x00007fff2afa3000 	/usr/lib/libIOReport.dylib
0x00007fff2d048000 	/usr/lib/libSMC.dylib
0x00007fff2bcf3000 	/usr/lib/libAudioToolboxUtility.dylib
0x00007fff3d615000 	/usr/lib/libmis.dylib
0x00007fff6bbbb000 	/System/Library/Frameworks/OpenGL.framework/Versions/A/Libraries/libGLU.dylib
0x00007fff6bb7e000 	/System/Library/Frameworks/OpenGL.framework/Versions/A/Libraries/libGFXShared.dylib
0x00007fff6bd8c000 	/System/Library/Frameworks/OpenGL.framework/Versions/A/Libraries/libGL.dylib
0x00007fff6bb87000 	/System/Library/Frameworks/OpenGL.framework/Versions/A/Libraries/libGLImage.dylib
0x00007fff6bb7b000 	/System/Library/Frameworks/OpenGL.framework/Versions/A/Libraries/libCVMSPluginSupport.dylib
0x00007fff6bb66000 	/System/Library/Frameworks/OpenGL.framework/Versions/A/Libraries/libCoreVMClient.dylib
0x00007fff6d1d6000 	/System/Library/Frameworks/OpenCL.framework/Versions/A/OpenCL
0x00007fff2b302000 	/System/Library/PrivateFrameworks/GraphVisualizer.framework/Versions/A/GraphVisualizer
0x00007fff2b311000 	/System/Library/PrivateFrameworks/FaceCore.framework/Versions/A/FaceCore
0x00007fff2b72d000 	/System/Library/PrivateFrameworks/OTSVG.framework/Versions/A/OTSVG
0x00007fff26fd0000 	/System/Library/Frameworks/ApplicationServices.framework/Versions/A/Frameworks/ATS.framework/Versions/A/Resources/libFontRegistry.dylib
0x00007fff2b77c000 	/System/Library/PrivateFrameworks/FontServices.framework/libhvf.dylib
0x00007fff2b140000 	/System/Library/PrivateFrameworks/AppleVA.framework/Versions/A/AppleVA
0x00007fff2ce90000 	/System/Library/Frameworks/ApplicationServices.framework/Versions/A/Frameworks/ATS.framework/Versions/A/ATS
0x00007fff2d1a3000 	/System/Library/Frameworks/ApplicationServices.framework/Versions/A/Frameworks/ColorSyncLegacy.framework/Versions/A/ColorSyncLegacy
0x00007fff2580e000 	/System/Library/Frameworks/ApplicationServices.framework/Versions/A/Frameworks/HIServices.framework/Versions/A/HIServices
0x00007fff2d188000 	/System/Library/Frameworks/ApplicationServices.framework/Versions/A/Frameworks/LangAnalysis.framework/Versions/A/LangAnalysis
0x00007fff2be3b000 	/System/Library/Frameworks/ApplicationServices.framework/Versions/A/Frameworks/PrintCore.framework/Versions/A/PrintCore
0x00007fff2d1ab000 	/System/Library/Frameworks/ApplicationServices.framework/Versions/A/Frameworks/QD.framework/Versions/A/QD
0x00007fff2ce80000 	/System/Library/Frameworks/ApplicationServices.framework/Versions/A/Frameworks/SpeechSynthesis.framework/Versions/A/SpeechSynthesis
0x00007fff2bdfc000 	/System/Library/Frameworks/ApplicationServices.framework/Versions/A/Frameworks/ATSUI.framework/Versions/A/ATSUI
0x00007fff2d128000 	/usr/lib/libcups.2.dylib
0x00007fff2d198000 	/System/Library/PrivateFrameworks/NetAuth.framework/Versions/A/NetAuth
0x00007fff2d827000 	/System/Library/Frameworks/Kerberos.framework/Versions/A/Kerberos
0x00007fff2d837000 	/System/Library/Frameworks/GSS.framework/Versions/A/GSS
0x00007fff2cefd000 	/usr/lib/libresolv.9.dylib
0x00007fff2b792000 	/System/Library/PrivateFrameworks/Heimdal.framework/Versions/A/Heimdal
0x00007fff334ee000 	/System/Library/Frameworks/Kerberos.framework/Versions/A/Libraries/libHeimdalProxy.dylib
0x00007fff263dc000 	/System/Library/Frameworks/Network.framework/Versions/A/Network
0x00007fff2b1ae000 	/usr/lib/libheimdal-asn1.dylib
0x00007fff2d888000 	/System/Library/PrivateFrameworks/CommonAuth.framework/Versions/A/CommonAuth
0x00007fff27429000 	/System/Library/PrivateFrameworks/login.framework/Versions/A/Frameworks/loginsupport.framework/Versions/A/loginsupport
0x00007fff2ce07000 	/System/Library/PrivateFrameworks/AudioSession.framework/Versions/A/AudioSession
0x00007fff2ce6d000 	/usr/lib/libAudioStatistics.dylib
0x00007fff2b23a000 	/System/Library/PrivateFrameworks/MediaExperience.framework/Versions/A/MediaExperience
0x00007fff2cca0000 	/System/Library/PrivateFrameworks/AudioSession.framework/libSessionUtility.dylib
0x00007fff2d818000 	/usr/lib/libperfcheck.dylib
0x00007fff2d1b7000 	/System/Library/PrivateFrameworks/AudioResourceArbitration.framework/Versions/A/AudioResourceArbitration
0x00007fff2b1b8000 	/System/Library/PrivateFrameworks/IconFoundation.framework/Versions/A/IconFoundation
0x00007fff2fcbb000 	/System/Library/PrivateFrameworks/SpeechRecognitionCore.framework/Versions/A/SpeechRecognitionCore
0x000000010b000000 	/Library/Java/JavaVirtualMachines/amazon-corretto-11.jdk/Contents/Home/lib/server/libjvm.dylib
0x0000000103fd6000 	/Library/Java/JavaVirtualMachines/amazon-corretto-11.jdk/Contents/Home/lib/libverify.dylib
0x0000000103fe8000 	/Library/Java/JavaVirtualMachines/amazon-corretto-11.jdk/Contents/Home/lib/libjava.dylib
0x0000000104015000 	/Library/Java/JavaVirtualMachines/amazon-corretto-11.jdk/Contents/Home/lib/libjimage.dylib
0x0000000104023000 	/Library/Java/JavaVirtualMachines/amazon-corretto-11.jdk/Contents/Home/lib/libinstrument.dylib
0x000000010407c000 	/Library/Java/JavaVirtualMachines/amazon-corretto-11.jdk/Contents/Home/lib/libzip.dylib
0x0000000104385000 	/Library/Java/JavaVirtualMachines/amazon-corretto-11.jdk/Contents/Home/lib/libnio.dylib
0x0000000104398000 	/Library/Java/JavaVirtualMachines/amazon-corretto-11.jdk/Contents/Home/lib/libnet.dylib
0x00000001043b2000 	/Library/Java/JavaVirtualMachines/amazon-corretto-11.jdk/Contents/Home/lib/libextnet.dylib


VM Arguments:
jvm_args: -Dorg.jetbrains.run.directory=/Users/nisern/restaurantRepo/GiantsRestaurant/src/test/java/giants/training/restaurants/resources -javaagent:/Applications/IntelliJ IDEA CE.app/Contents/lib/idea_rt.jar=58173:/Applications/IntelliJ IDEA CE.app/Contents/bin -Dfile.encoding=UTF-8 
java_command: cucumber.api.cli.Main --plugin org.jetbrains.plugins.cucumber.java.run.CucumberJvm2SMFormatter --monochrome /Users/nisern/restaurantRepo/GiantsRestaurant/src/test/java/giants/training/restaurants/resources/RestaurantService.feature
java_class_path (initial): /Users/nisern/restaurantRepo/GiantsRestaurant/target/test-classes:/Users/nisern/restaurantRepo/GiantsRestaurant/target/classes:/Users/nisern/.m2/repository/io/cucumber/cucumber-junit/2.4.0/cucumber-junit-2.4.0.jar:/Users/nisern/.m2/repository/io/cucumber/cucumber-core/2.4.0/cucumber-core-2.4.0.jar:/Users/nisern/.m2/repository/info/cukes/cucumber-html/0.2.6/cucumber-html-0.2.6.jar:/Users/nisern/.m2/repository/io/cucumber/cucumber-jvm-deps/1.0.6/cucumber-jvm-deps-1.0.6.jar:/Users/nisern/.m2/repository/io/cucumber/gherkin/5.0.0/gherkin-5.0.0.jar:/Users/nisern/.m2/repository/io/cucumber/tag-expressions/1.1.1/tag-expressions-1.1.1.jar:/Users/nisern/.m2/repository/junit/junit/4.12/junit-4.12.jar:/Users/nisern/.m2/repository/org/hamcrest/hamcrest-core/1.3/hamcrest-core-1.3.jar:/Users/nisern/.m2/repository/io/cucumber/cucumber-java/2.4.0/cucumber-java-2.4.0.jar:/Users/nisern/.m2/repository/org/springframework/boot/spring-boot-starter/2.5.5/spring-boot-starter-2.5.5.jar:/Users/nisern/.m2/repository/org/springframework/boot/spring-boot/2.5.5/spring-boot-2.5.5.jar:/Users/nisern/.m2/repository/org/springframework/spring-context/5.3.10/spring-context-5.3.10.jar:/Users/nisern/.m2/repository/org/springframework/boot/spring-boot-autoconfigure/2.5.5/spring-boot-autoconfigure-2.5.5.jar:/Users/nisern/.m2/repository/org/springframework/boot/spring-boot-starter-logging/2.5.5/spring-boot-starter-logging-2.5.5.jar:/Users/nisern/.m2/repository/ch/qos/logback/logback-classic/1.2.6/logback-classic-1.2.6.jar:/Users/nisern/.m2/repository/ch/qos/logback/logback-core/1.2.6/logback-core-1.2.6.jar:/Users/nisern/.m2/repository/org/apache/logging/log4j/log4j-to-slf4j/2.14.1/log4j-to-slf4j-2.14.1.jar:/Users/nisern/.m2/repository/org/apache/logging/log4j/log4j-api/2.14.1/log4j-api-2.14.1.jar:/Users/nisern/.m2/repository/org/slf4j/jul-to-slf4j/1.7.32/jul-to-slf4j-1.7.32.jar:/Users/nisern/.m2/repository/jakarta/annotation/jakarta.annotation-api/1.3.5/jakarta.annotation-api-1
Launcher Type: SUN_STANDARD

[Global flags]
     intx CICompilerCount                          = 4                                         {product} {ergonomic}
     uint ConcGCThreads                            = 3                                         {product} {ergonomic}
     uint G1ConcRefinementThreads                  = 10                                        {product} {ergonomic}
   size_t G1HeapRegionSize                         = 2097152                                   {product} {ergonomic}
    uintx GCDrainStackTargetSize                   = 64                                        {product} {ergonomic}
   size_t InitialHeapSize                          = 536870912                                 {product} {ergonomic}
   size_t MarkStackSize                            = 4194304                                   {product} {ergonomic}
   size_t MaxHeapSize                              = 8589934592                                {product} {ergonomic}
   size_t MaxNewSize                               = 5152702464                                {product} {ergonomic}
   size_t MinHeapDeltaBytes                        = 2097152                                   {product} {ergonomic}
    uintx NonNMethodCodeHeapSize                   = 5836300                                {pd product} {ergonomic}
    uintx NonProfiledCodeHeapSize                  = 122910970                              {pd product} {ergonomic}
    uintx ProfiledCodeHeapSize                     = 122910970                              {pd product} {ergonomic}
    uintx ReservedCodeCacheSize                    = 251658240                              {pd product} {ergonomic}
     bool SegmentedCodeCache                       = true                                      {product} {ergonomic}
     bool UseCompressedClassPointers               = true                                 {lp64_product} {ergonomic}
     bool UseCompressedOops                        = true                                 {lp64_product} {ergonomic}
     bool UseG1GC                                  = true                                      {product} {ergonomic}

Logging:
Log output configuration:
 #0: stdout all=warning uptime,level,tags
 #1: stderr all=off uptime,level,tags

Environment Variables:
JAVA_HOME=/Library/Java/JavaVirtualMachines/jdk1.8.0_311.jdk/Contents/Home
PATH=/Users/nisern/.nvm/versions/node/v8.17.0/bin:/usr/local/bin:/usr/bin:/bin:/usr/sbin:/sbin
SHELL=/bin/zsh
LC_CTYPE=en_GB.UTF-8

Signal Handlers:
SIGSEGV: [libjvm.dylib+0x7d868a], sa_mask[0]=11111111011111110111111111111111, sa_flags=SA_ONSTACK|SA_RESTART|SA_SIGINFO
SIGBUS: [libjvm.dylib+0x7d868a], sa_mask[0]=11111111011111110111111111111111, sa_flags=SA_RESTART|SA_SIGINFO
SIGFPE: [libjvm.dylib+0x7d868a], sa_mask[0]=11111111011111110111111111111111, sa_flags=SA_RESTART|SA_SIGINFO
SIGPIPE: [libjvm.dylib+0x62ff02], sa_mask[0]=11111111011111110111111111111111, sa_flags=SA_RESTART|SA_SIGINFO
SIGXFSZ: [libjvm.dylib+0x62ff02], sa_mask[0]=11111111011111110111111111111111, sa_flags=SA_RESTART|SA_SIGINFO
SIGILL: [libjvm.dylib+0x7d868a], sa_mask[0]=11111111011111110111111111111111, sa_flags=SA_RESTART|SA_SIGINFO
SIGUSR2: [libjvm.dylib+0x630500], sa_mask[0]=00100000000000000000000000000000, sa_flags=SA_RESTART|SA_SIGINFO
SIGHUP: [libjvm.dylib+0x62f03b], sa_mask[0]=11111111011111110111111111111111, sa_flags=SA_RESTART|SA_SIGINFO
SIGINT: [libjvm.dylib+0x62f03b], sa_mask[0]=11111111011111110111111111111111, sa_flags=SA_RESTART|SA_SIGINFO
SIGTERM: [libjvm.dylib+0x62f03b], sa_mask[0]=11111111011111110111111111111111, sa_flags=SA_RESTART|SA_SIGINFO
SIGQUIT: [libjvm.dylib+0x62f03b], sa_mask[0]=11111111011111110111111111111111, sa_flags=SA_RESTART|SA_SIGINFO


---------------  S Y S T E M  ---------------

OS:uname:Darwin 20.6.0 Darwin Kernel Version 20.6.0: Tue Oct 12 18:33:42 PDT 2021; root:xnu-7195.141.8~1/RELEASE_X86_64 x86_64
OS uptime: 0 days 6:13 hours
rlimit (soft/hard): STACK 8192k/65532k , CORE 0k/infinity , NPROC 5568/8352 , NOFILE 10240/65535 , AS infinity/infinity , CPU infinity/infinity , DATA infinity/infinity , FSIZE infinity/infinity , MEMLOCK infinity/infinity , RSS infinity/infinity
load average:2.15 2.49 2.56

CPU:total 12 (initial active 12) (6 cores per cpu, 2 threads per core) family 6 model 158 stepping 10 microcode 0xea, cmov, cx8, fxsr, mmx, sse, sse2, sse3, ssse3, sse4.1, sse4.2, popcnt, avx, avx2, aes, clmul, erms, 3dnowpref, lzcnt, ht, tsc, tscinvbit, bmi1, bmi2, adx, fma

Memory: 4k page, physical 33554432k(1283320k free), swap 0k(0k free)

vm_info: OpenJDK 64-Bit Server VM (11.0.11+9-LTS) for bsd-amd64 JRE (11.0.11+9-LTS), built on Apr 16 2021 10:18:40 by "corretto" with gcc 4.2.1 Compatible Apple LLVM 8.0.0 (clang-800.0.42.1)

END.
